{"/home/travis/build/npmtest/node-npmtest-when/test.js":{"path":"/home/travis/build/npmtest/node-npmtest-when/test.js","s":{"1":2,"2":2,"3":2,"4":2,"5":2,"6":2,"7":2,"8":1,"9":2,"10":2,"11":1,"12":1,"13":1,"14":1,"15":2,"16":2,"17":2,"18":2,"19":1,"20":1,"21":2,"22":2,"23":2,"24":1,"25":1,"26":1,"27":1,"28":1,"29":1,"30":1,"31":1,"32":1,"33":1,"34":1,"35":1,"36":2,"37":2,"38":1,"39":2,"40":2,"41":1,"42":2,"43":2,"44":1,"45":1,"46":1,"47":1,"48":1},"b":{"1":[2,1,1,1],"2":[1,1,1,1],"3":[1,1],"4":[1,1],"5":[1,1],"6":[1,1],"7":[1,1],"8":[1,1],"9":[1,1,1],"10":[1,1],"11":[1,1],"12":[1,1],"13":[1,1],"14":[1,1],"15":[1,1]},"f":{"1":2,"2":2,"3":2,"4":2,"5":2,"6":1,"7":1,"8":2,"9":2,"10":2,"11":1},"fnMap":{"1":{"name":"(anonymous_1)","line":12,"loc":{"start":{"line":12,"column":1},"end":{"line":12,"column":13}}},"2":{"name":"(anonymous_2)","line":19,"loc":{"start":{"line":19,"column":5},"end":{"line":19,"column":17}}},"3":{"name":"(anonymous_3)","line":23,"loc":{"start":{"line":23,"column":24},"end":{"line":23,"column":36}}},"4":{"name":"(anonymous_4)","line":61,"loc":{"start":{"line":61,"column":5},"end":{"line":61,"column":17}}},"5":{"name":"(anonymous_5)","line":82,"loc":{"start":{"line":82,"column":5},"end":{"line":82,"column":17}}},"6":{"name":"(anonymous_6)","line":102,"loc":{"start":{"line":102,"column":83},"end":{"line":105,"column":10}},"skip":true},"7":{"name":"(anonymous_7)","line":113,"loc":{"start":{"line":113,"column":77},"end":{"line":116,"column":10}},"skip":true},"8":{"name":"(anonymous_8)","line":127,"loc":{"start":{"line":127,"column":77},"end":{"line":130,"column":10}},"skip":true},"9":{"name":"(anonymous_9)","line":138,"loc":{"start":{"line":138,"column":83},"end":{"line":141,"column":10}},"skip":true},"10":{"name":"(anonymous_10)","line":149,"loc":{"start":{"line":149,"column":79},"end":{"line":152,"column":10}},"skip":true},"11":{"name":"(anonymous_11)","line":160,"loc":{"start":{"line":160,"column":75},"end":{"line":163,"column":10}},"skip":true}},"statementMap":{"1":{"start":{"line":12,"column":0},"end":{"line":175,"column":5}},"2":{"start":{"line":14,"column":4},"end":{"line":14,"column":14}},"3":{"start":{"line":19,"column":4},"end":{"line":56,"column":9}},"4":{"start":{"line":21,"column":8},"end":{"line":21,"column":19}},"5":{"start":{"line":23,"column":8},"end":{"line":35,"column":13}},"6":{"start":{"line":24,"column":12},"end":{"line":34,"column":13}},"7":{"start":{"line":25,"column":16},"end":{"line":28,"column":30}},"8":{"start":{"line":30,"column":16},"end":{"line":33,"column":27}},"9":{"start":{"line":37,"column":8},"end":{"line":39,"column":21}},"10":{"start":{"line":40,"column":8},"end":{"line":53,"column":9}},"11":{"start":{"line":43,"column":12},"end":{"line":46,"column":14}},"12":{"start":{"line":47,"column":12},"end":{"line":47,"column":18}},"13":{"start":{"line":50,"column":12},"end":{"line":51,"column":46}},"14":{"start":{"line":52,"column":12},"end":{"line":52,"column":18}},"15":{"start":{"line":55,"column":8},"end":{"line":55,"column":35}},"16":{"start":{"line":61,"column":4},"end":{"line":63,"column":9}},"17":{"start":{"line":62,"column":8},"end":{"line":62,"column":15}},"18":{"start":{"line":64,"column":4},"end":{"line":77,"column":5}},"19":{"start":{"line":70,"column":8},"end":{"line":70,"column":14}},"20":{"start":{"line":76,"column":8},"end":{"line":76,"column":14}},"21":{"start":{"line":82,"column":4},"end":{"line":84,"column":9}},"22":{"start":{"line":83,"column":8},"end":{"line":83,"column":15}},"23":{"start":{"line":85,"column":4},"end":{"line":174,"column":5}},"24":{"start":{"line":92,"column":8},"end":{"line":94,"column":63}},"25":{"start":{"line":95,"column":8},"end":{"line":95,"column":14}},"26":{"start":{"line":102,"column":8},"end":{"line":111,"column":10},"skip":true},"27":{"start":{"line":109,"column":12},"end":{"line":109,"column":55},"skip":true},"28":{"start":{"line":110,"column":12},"end":{"line":110,"column":48},"skip":true},"29":{"start":{"line":113,"column":8},"end":{"line":125,"column":10},"skip":true},"30":{"start":{"line":120,"column":12},"end":{"line":120,"column":76},"skip":true},"31":{"start":{"line":121,"column":12},"end":{"line":121,"column":73},"skip":true},"32":{"start":{"line":122,"column":12},"end":{"line":122,"column":74},"skip":true},"33":{"start":{"line":123,"column":12},"end":{"line":123,"column":25},"skip":true},"34":{"start":{"line":124,"column":12},"end":{"line":124,"column":45},"skip":true},"35":{"start":{"line":127,"column":8},"end":{"line":136,"column":10},"skip":true},"36":{"start":{"line":134,"column":12},"end":{"line":134,"column":25},"skip":true},"37":{"start":{"line":135,"column":12},"end":{"line":135,"column":45},"skip":true},"38":{"start":{"line":138,"column":8},"end":{"line":147,"column":10},"skip":true},"39":{"start":{"line":145,"column":12},"end":{"line":145,"column":25},"skip":true},"40":{"start":{"line":146,"column":12},"end":{"line":146,"column":48},"skip":true},"41":{"start":{"line":149,"column":8},"end":{"line":158,"column":10},"skip":true},"42":{"start":{"line":156,"column":12},"end":{"line":156,"column":25},"skip":true},"43":{"start":{"line":157,"column":12},"end":{"line":157,"column":46},"skip":true},"44":{"start":{"line":160,"column":8},"end":{"line":169,"column":10},"skip":true},"45":{"start":{"line":167,"column":12},"end":{"line":167,"column":94},"skip":true},"46":{"start":{"line":168,"column":12},"end":{"line":168,"column":48},"skip":true},"47":{"start":{"line":172,"column":8},"end":{"line":172,"column":35},"skip":true},"48":{"start":{"line":173,"column":8},"end":{"line":173,"column":14},"skip":true}},"branchMap":{"1":{"line":25,"type":"binary-expr","locations":[{"start":{"line":25,"column":23},"end":{"line":25,"column":62}},{"start":{"line":26,"column":20},"end":{"line":26,"column":70}},{"start":{"line":27,"column":20},"end":{"line":27,"column":71}},{"start":{"line":28,"column":20},"end":{"line":28,"column":29}}]},"2":{"line":30,"type":"binary-expr","locations":[{"start":{"line":30,"column":23},"end":{"line":30,"column":37}},{"start":{"line":31,"column":20},"end":{"line":31,"column":61}},{"start":{"line":32,"column":20},"end":{"line":32,"column":70}},{"start":{"line":33,"column":20},"end":{"line":33,"column":26}}]},"3":{"line":37,"type":"cond-expr","locations":[{"start":{"line":38,"column":14},"end":{"line":38,"column":20}},{"start":{"line":39,"column":14},"end":{"line":39,"column":20}}]},"4":{"line":40,"type":"switch","locations":[{"start":{"line":42,"column":8},"end":{"line":47,"column":18}},{"start":{"line":49,"column":8},"end":{"line":52,"column":18}}]},"5":{"line":44,"type":"binary-expr","locations":[{"start":{"line":44,"column":16},"end":{"line":44,"column":44}},{"start":{"line":44,"column":48},"end":{"line":44,"column":66}}]},"6":{"line":50,"type":"binary-expr","locations":[{"start":{"line":50,"column":21},"end":{"line":50,"column":49}},{"start":{"line":50,"column":53},"end":{"line":50,"column":72}}]},"7":{"line":64,"type":"switch","locations":[{"start":{"line":69,"column":4},"end":{"line":70,"column":14}},{"start":{"line":75,"column":4},"end":{"line":76,"column":14}}]},"8":{"line":85,"type":"switch","locations":[{"start":{"line":90,"column":4},"end":{"line":95,"column":14}},{"start":{"line":101,"column":4},"end":{"line":173,"column":14},"skip":true}]},"9":{"line":92,"type":"binary-expr","locations":[{"start":{"line":92,"column":18},"end":{"line":92,"column":32}},{"start":{"line":93,"column":12},"end":{"line":93,"column":53}},{"start":{"line":94,"column":12},"end":{"line":94,"column":61}}]},"10":{"line":102,"type":"binary-expr","locations":[{"start":{"line":102,"column":45},"end":{"line":102,"column":79},"skip":true},{"start":{"line":102,"column":83},"end":{"line":111,"column":9},"skip":true}]},"11":{"line":113,"type":"binary-expr","locations":[{"start":{"line":113,"column":42},"end":{"line":113,"column":73},"skip":true},{"start":{"line":113,"column":77},"end":{"line":125,"column":9},"skip":true}]},"12":{"line":127,"type":"binary-expr","locations":[{"start":{"line":127,"column":42},"end":{"line":127,"column":73},"skip":true},{"start":{"line":127,"column":77},"end":{"line":136,"column":9},"skip":true}]},"13":{"line":138,"type":"binary-expr","locations":[{"start":{"line":138,"column":45},"end":{"line":138,"column":79},"skip":true},{"start":{"line":138,"column":83},"end":{"line":147,"column":9},"skip":true}]},"14":{"line":149,"type":"binary-expr","locations":[{"start":{"line":149,"column":43},"end":{"line":149,"column":75},"skip":true},{"start":{"line":149,"column":79},"end":{"line":158,"column":9},"skip":true}]},"15":{"line":160,"type":"binary-expr","locations":[{"start":{"line":160,"column":41},"end":{"line":160,"column":71},"skip":true},{"start":{"line":160,"column":75},"end":{"line":169,"column":9},"skip":true}]}},"code":["/* istanbul instrument in package npmtest_when */","/*jslint","    bitwise: true,","    browser: true,","    maxerr: 8,","    maxlen: 96,","    node: true,","    nomen: true,","    regexp: true,","    stupid: true","*/","(function () {","    'use strict';","    var local;","","","","    // run shared js-env code - pre-init","    (function () {","        // init local","        local = {};","        // init modeJs","        local.modeJs = (function () {","            try {","                return typeof navigator.userAgent === 'string' &&","                    typeof document.querySelector('body') === 'object' &&","                    typeof XMLHttpRequest.prototype.open === 'function' &&","                    'browser';","            } catch (errorCaughtBrowser) {","                return module.exports &&","                    typeof process.versions.node === 'string' &&","                    typeof require('http').createServer === 'function' &&","                    'node';","            }","        }());","        // init global","        local.global = local.modeJs === 'browser'","            ? window","            : global;","        switch (local.modeJs) {","        // re-init local from window.local","        case 'browser':","            local = local.global.utility2.objectSetDefault(","                local.global.utility2_rollup || local.global.local,","                local.global.utility2","            );","            break;","        // re-init local from example.js","        case 'node':","            local = (local.global.utility2_rollup || require('utility2'))","                .requireExampleJsFromReadme();","            break;","        }","        // export local","        local.global.local = local;","    }());","","","","    // run shared js-env code - function","    (function () {","        return;","    }());","    switch (local.modeJs) {","","","","    // run browser js-env code - function","    case 'browser':","        break;","","","","    // run node js-env code - function","    case 'node':","        break;","    }","","","","    // run shared js-env code - post-init","    (function () {","        return;","    }());","    switch (local.modeJs) {","","","","    // run browser js-env code - post-init","    case 'browser':","        // run tests","        local.nop(local.modeTest &&","            document.querySelector('#testRunButton1') &&","            document.querySelector('#testRunButton1').click());","        break;","","","","    // run node js-env code - post-init","    /* istanbul ignore next */","    case 'node':","        local.testCase_buildApidoc_default = local.testCase_buildApidoc_default || function (","            options,","            onError","        ) {","        /*","         * this function will test buildApidoc's default handling-behavior-behavior","         */","            options = { modulePathList: module.paths };","            local.buildApidoc(options, onError);","        };","","        local.testCase_buildApp_default = local.testCase_buildApp_default || function (","            options,","            onError","        ) {","        /*","         * this function will test buildApp's default handling-behavior-behavior","         */","            local.testCase_buildReadme_default(options, local.onErrorThrow);","            local.testCase_buildLib_default(options, local.onErrorThrow);","            local.testCase_buildTest_default(options, local.onErrorThrow);","            options = [];","            local.buildApp(options, onError);","        };","","        local.testCase_buildLib_default = local.testCase_buildLib_default || function (","            options,","            onError","        ) {","        /*","         * this function will test buildLib's default handling-behavior","         */","            options = {};","            local.buildLib(options, onError);","        };","","        local.testCase_buildReadme_default = local.testCase_buildReadme_default || function (","            options,","            onError","        ) {","        /*","         * this function will test buildReadme's default handling-behavior-behavior","         */","            options = {};","            local.buildReadme(options, onError);","        };","","        local.testCase_buildTest_default = local.testCase_buildTest_default || function (","            options,","            onError","        ) {","        /*","         * this function will test buildTest's default handling-behavior","         */","            options = {};","            local.buildTest(options, onError);","        };","","        local.testCase_webpage_default = local.testCase_webpage_default || function (","            options,","            onError","        ) {","        /*","         * this function will test webpage's default handling-behavior","         */","            options = { modeCoverageMerge: true, url: local.serverLocalHost + '?modeTest=1' };","            local.browserTest(options, onError);","        };","","        // run test-server","        local.testRunServer(local);","        break;","    }","}());",""],"l":{"12":2,"14":2,"19":2,"21":2,"23":2,"24":2,"25":2,"30":1,"37":2,"40":2,"43":1,"47":1,"50":1,"52":1,"55":2,"61":2,"62":2,"64":2,"70":1,"76":1,"82":2,"83":2,"85":2,"92":1,"95":1,"102":1,"109":1,"110":1,"113":1,"120":1,"121":1,"122":1,"123":1,"124":1,"127":1,"134":2,"135":2,"138":1,"145":2,"146":2,"149":1,"156":2,"157":2,"160":1,"167":1,"168":1,"172":1,"173":1}},"/home/travis/build/npmtest/node-npmtest-when/lib.npmtest_when.js":{"path":"/home/travis/build/npmtest/node-npmtest-when/lib.npmtest_when.js","s":{"1":2,"2":2,"3":2,"4":2,"5":2,"6":2,"7":2,"8":1,"9":2,"10":2,"11":2,"12":2,"13":1,"14":1,"15":1,"16":1},"b":{"1":[2,1,1,1],"2":[1,1,1,1],"3":[1,1],"4":[2,2],"5":[1,1]},"f":{"1":2,"2":2,"3":2},"fnMap":{"1":{"name":"(anonymous_1)","line":12,"loc":{"start":{"line":12,"column":1},"end":{"line":12,"column":13}}},"2":{"name":"(anonymous_2)","line":19,"loc":{"start":{"line":19,"column":5},"end":{"line":19,"column":17}}},"3":{"name":"(anonymous_3)","line":23,"loc":{"start":{"line":23,"column":24},"end":{"line":23,"column":36}}}},"statementMap":{"1":{"start":{"line":12,"column":0},"end":{"line":53,"column":5}},"2":{"start":{"line":14,"column":4},"end":{"line":14,"column":14}},"3":{"start":{"line":19,"column":4},"end":{"line":52,"column":9}},"4":{"start":{"line":21,"column":8},"end":{"line":21,"column":19}},"5":{"start":{"line":23,"column":8},"end":{"line":35,"column":13}},"6":{"start":{"line":24,"column":12},"end":{"line":34,"column":13}},"7":{"start":{"line":25,"column":16},"end":{"line":28,"column":30}},"8":{"start":{"line":30,"column":16},"end":{"line":33,"column":27}},"9":{"start":{"line":37,"column":8},"end":{"line":39,"column":21}},"10":{"start":{"line":41,"column":8},"end":{"line":41,"column":54}},"11":{"start":{"line":43,"column":8},"end":{"line":43,"column":49}},"12":{"start":{"line":45,"column":8},"end":{"line":51,"column":9}},"13":{"start":{"line":46,"column":12},"end":{"line":46,"column":55}},"14":{"start":{"line":48,"column":12},"end":{"line":48,"column":35}},"15":{"start":{"line":49,"column":12},"end":{"line":49,"column":49}},"16":{"start":{"line":50,"column":12},"end":{"line":50,"column":43}}},"branchMap":{"1":{"line":25,"type":"binary-expr","locations":[{"start":{"line":25,"column":23},"end":{"line":25,"column":62}},{"start":{"line":26,"column":20},"end":{"line":26,"column":70}},{"start":{"line":27,"column":20},"end":{"line":27,"column":71}},{"start":{"line":28,"column":20},"end":{"line":28,"column":29}}]},"2":{"line":30,"type":"binary-expr","locations":[{"start":{"line":30,"column":23},"end":{"line":30,"column":37}},{"start":{"line":31,"column":20},"end":{"line":31,"column":61}},{"start":{"line":32,"column":20},"end":{"line":32,"column":70}},{"start":{"line":33,"column":20},"end":{"line":33,"column":26}}]},"3":{"line":37,"type":"cond-expr","locations":[{"start":{"line":38,"column":14},"end":{"line":38,"column":20}},{"start":{"line":39,"column":14},"end":{"line":39,"column":20}}]},"4":{"line":41,"type":"binary-expr","locations":[{"start":{"line":41,"column":16},"end":{"line":41,"column":44}},{"start":{"line":41,"column":48},"end":{"line":41,"column":53}}]},"5":{"line":45,"type":"if","locations":[{"start":{"line":45,"column":8},"end":{"line":45,"column":8}},{"start":{"line":45,"column":8},"end":{"line":45,"column":8}}]}},"code":["/* istanbul instrument in package npmtest_when */","/*jslint","    bitwise: true,","    browser: true,","    maxerr: 8,","    maxlen: 96,","    node: true,","    nomen: true,","    regexp: true,","    stupid: true","*/","(function () {","    'use strict';","    var local;","","","","    // run shared js-env code - pre-init","    (function () {","        // init local","        local = {};","        // init modeJs","        local.modeJs = (function () {","            try {","                return typeof navigator.userAgent === 'string' &&","                    typeof document.querySelector('body') === 'object' &&","                    typeof XMLHttpRequest.prototype.open === 'function' &&","                    'browser';","            } catch (errorCaughtBrowser) {","                return module.exports &&","                    typeof process.versions.node === 'string' &&","                    typeof require('http').createServer === 'function' &&","                    'node';","            }","        }());","        // init global","        local.global = local.modeJs === 'browser'","            ? window","            : global;","        // init utility2_rollup","        local = local.global.utility2_rollup || local;","        // init lib","        local.local = local.npmtest_when = local;","        // init exports","        if (local.modeJs === 'browser') {","            local.global.utility2_npmtest_when = local;","        } else {","            module.exports = local;","            module.exports.__dirname = __dirname;","            module.exports.module = module;","        }","    }());","}());",""],"l":{"12":2,"14":2,"19":2,"21":2,"23":2,"24":2,"25":2,"30":1,"37":2,"41":2,"43":2,"45":2,"46":1,"48":1,"49":1,"50":1}},"/home/travis/build/npmtest/node-npmtest-when/example.js":{"path":"/home/travis/build/npmtest/node-npmtest-when/example.js","s":{"1":2,"2":2,"3":2,"4":2,"5":2,"6":2,"7":2,"8":1,"9":2,"10":2,"11":2,"12":2,"13":1,"14":2,"15":2,"16":2,"17":2,"18":2,"19":0,"20":2,"21":1,"22":1,"23":1,"24":1,"25":1,"26":0,"27":0,"28":1,"29":1,"30":2,"31":0,"32":0,"33":0,"34":1,"35":2,"36":2,"37":2,"38":2,"39":2,"40":2,"41":0,"42":2,"43":2,"44":2,"45":1,"46":3,"47":1,"48":1,"49":1,"50":1,"51":1,"52":1,"53":1,"54":1,"55":1,"56":1,"57":0,"58":1,"59":6,"60":6,"61":1,"62":2,"63":0,"64":2,"65":1,"66":1,"67":0,"68":0,"69":0,"70":0,"71":0,"72":0,"73":0,"74":0,"75":0,"76":0,"77":0,"78":0,"79":0,"80":0,"81":0,"82":0,"83":0},"b":{"1":[2,1,1,1],"2":[1,1,1,1],"3":[1,1],"4":[2,2],"5":[1,1],"6":[1,1],"7":[2,0],"8":[2,1,1,1,1,1],"9":[0,2,0],"10":[1,1],"11":[2,1,1],"12":[1,0],"13":[0,2],"14":[2,0,0,0,0,0,0],"15":[0,2],"16":[2,0],"17":[1,1],"18":[0,1],"19":[1,2,0,2],"20":[1,0],"21":[1,1],"22":[0,0],"23":[0,0],"24":[0,0],"25":[0,0],"26":[0,0],"27":[0,0],"28":[0,0]},"f":{"1":2,"2":2,"3":2,"4":2,"5":2,"6":2,"7":2,"8":2,"9":3,"10":1,"11":6,"12":0},"fnMap":{"1":{"name":"(anonymous_1)","line":26,"loc":{"start":{"line":26,"column":1},"end":{"line":26,"column":13}}},"2":{"name":"(anonymous_2)","line":33,"loc":{"start":{"line":33,"column":5},"end":{"line":33,"column":17}}},"3":{"name":"(anonymous_3)","line":37,"loc":{"start":{"line":37,"column":24},"end":{"line":37,"column":36}}},"4":{"name":"(anonymous_4)","line":69,"loc":{"start":{"line":69,"column":31},"end":{"line":69,"column":48}},"skip":true},"5":{"name":"(anonymous_5)","line":78,"loc":{"start":{"line":78,"column":26},"end":{"line":78,"column":45}},"skip":true},"6":{"name":"(anonymous_6)","line":123,"loc":{"start":{"line":123,"column":33},"end":{"line":123,"column":48}},"skip":true},"7":{"name":"(anonymous_7)","line":125,"loc":{"start":{"line":125,"column":27},"end":{"line":125,"column":39}},"skip":true},"8":{"name":"(anonymous_8)","line":133,"loc":{"start":{"line":133,"column":59},"end":{"line":133,"column":74}},"skip":true},"9":{"name":"(anonymous_9)","line":143,"loc":{"start":{"line":143,"column":45},"end":{"line":143,"column":62}},"skip":true},"10":{"name":"(anonymous_10)","line":144,"loc":{"start":{"line":144,"column":73},"end":{"line":144,"column":92}},"skip":true},"11":{"name":"(anonymous_11)","line":272,"loc":{"start":{"line":272,"column":51},"end":{"line":272,"column":77}},"skip":true},"12":{"name":"(anonymous_12)","line":314,"loc":{"start":{"line":314,"column":32},"end":{"line":314,"column":61}},"skip":true}},"statementMap":{"1":{"start":{"line":26,"column":0},"end":{"line":325,"column":5}},"2":{"start":{"line":28,"column":4},"end":{"line":28,"column":14}},"3":{"start":{"line":33,"column":4},"end":{"line":60,"column":9}},"4":{"start":{"line":35,"column":8},"end":{"line":35,"column":19}},"5":{"start":{"line":37,"column":8},"end":{"line":49,"column":13}},"6":{"start":{"line":38,"column":12},"end":{"line":48,"column":13}},"7":{"start":{"line":39,"column":16},"end":{"line":42,"column":30}},"8":{"start":{"line":44,"column":16},"end":{"line":47,"column":27}},"9":{"start":{"line":51,"column":8},"end":{"line":53,"column":21}},"10":{"start":{"line":55,"column":8},"end":{"line":57,"column":45}},"11":{"start":{"line":59,"column":8},"end":{"line":59,"column":35}},"12":{"start":{"line":61,"column":4},"end":{"line":324,"column":5}},"13":{"start":{"line":69,"column":8},"end":{"line":121,"column":10},"skip":true},"14":{"start":{"line":70,"column":12},"end":{"line":88,"column":13},"skip":true},"15":{"start":{"line":76,"column":16},"end":{"line":87,"column":19},"skip":true},"16":{"start":{"line":79,"column":20},"end":{"line":86,"column":21},"skip":true},"17":{"start":{"line":82,"column":24},"end":{"line":82,"column":43},"skip":true},"18":{"start":{"line":83,"column":24},"end":{"line":83,"column":30},"skip":true},"19":{"start":{"line":85,"column":24},"end":{"line":85,"column":49},"skip":true},"20":{"start":{"line":89,"column":12},"end":{"line":107,"column":13},"skip":true},"21":{"start":{"line":92,"column":16},"end":{"line":102,"column":17},"skip":true},"22":{"start":{"line":93,"column":20},"end":{"line":93,"column":86},"skip":true},"23":{"start":{"line":94,"column":20},"end":{"line":95,"column":45},"skip":true},"24":{"start":{"line":96,"column":20},"end":{"line":96,"column":42},"skip":true},"25":{"start":{"line":97,"column":20},"end":{"line":97,"column":48},"skip":true},"26":{"start":{"line":100,"column":20},"end":{"line":100,"column":85},"skip":true},"27":{"start":{"line":101,"column":20},"end":{"line":101,"column":96},"skip":true},"28":{"start":{"line":103,"column":16},"end":{"line":103,"column":22},"skip":true},"29":{"start":{"line":106,"column":16},"end":{"line":106,"column":22},"skip":true},"30":{"start":{"line":108,"column":12},"end":{"line":120,"column":13},"skip":true},"31":{"start":{"line":114,"column":16},"end":{"line":119,"column":17},"skip":true},"32":{"start":{"line":116,"column":20},"end":{"line":116,"column":78},"skip":true},"33":{"start":{"line":118,"column":20},"end":{"line":118,"column":53},"skip":true},"34":{"start":{"line":123,"column":8},"end":{"line":141,"column":11},"skip":true},"35":{"start":{"line":124,"column":12},"end":{"line":124,"column":54},"skip":true},"36":{"start":{"line":125,"column":12},"end":{"line":140,"column":14},"skip":true},"37":{"start":{"line":126,"column":16},"end":{"line":126,"column":28},"skip":true},"38":{"start":{"line":127,"column":16},"end":{"line":127,"column":69},"skip":true},"39":{"start":{"line":128,"column":16},"end":{"line":128,"column":75},"skip":true},"40":{"start":{"line":129,"column":16},"end":{"line":131,"column":17},"skip":true},"41":{"start":{"line":130,"column":20},"end":{"line":130,"column":27},"skip":true},"42":{"start":{"line":133,"column":16},"end":{"line":137,"column":36},"skip":true},"43":{"start":{"line":134,"column":20},"end":{"line":136,"column":55},"skip":true},"44":{"start":{"line":139,"column":16},"end":{"line":139,"column":57},"skip":true},"45":{"start":{"line":143,"column":8},"end":{"line":147,"column":11},"skip":true},"46":{"start":{"line":144,"column":12},"end":{"line":146,"column":15},"skip":true},"47":{"start":{"line":145,"column":16},"end":{"line":145,"column":70},"skip":true},"48":{"start":{"line":149,"column":8},"end":{"line":149,"column":31},"skip":true},"49":{"start":{"line":150,"column":8},"end":{"line":150,"column":14},"skip":true},"50":{"start":{"line":158,"column":8},"end":{"line":158,"column":31},"skip":true},"51":{"start":{"line":160,"column":8},"end":{"line":160,"column":33},"skip":true},"52":{"start":{"line":161,"column":8},"end":{"line":161,"column":37},"skip":true},"53":{"start":{"line":162,"column":8},"end":{"line":162,"column":35},"skip":true},"54":{"start":{"line":164,"column":8},"end":{"line":164,"column":50},"skip":true},"55":{"start":{"line":166,"column":8},"end":{"line":256,"column":2},"skip":true},"56":{"start":{"line":258,"column":8},"end":{"line":286,"column":9},"skip":true},"57":{"start":{"line":259,"column":12},"end":{"line":269,"column":14},"skip":true},"58":{"start":{"line":271,"column":12},"end":{"line":285,"column":19},"skip":true},"59":{"start":{"line":274,"column":20},"end":{"line":274,"column":35},"skip":true},"60":{"start":{"line":275,"column":20},"end":{"line":284,"column":21},"skip":true},"61":{"start":{"line":277,"column":24},"end":{"line":277,"column":64},"skip":true},"62":{"start":{"line":279,"column":24},"end":{"line":279,"column":40},"skip":true},"63":{"start":{"line":281,"column":24},"end":{"line":281,"column":40},"skip":true},"64":{"start":{"line":283,"column":24},"end":{"line":283,"column":39},"skip":true},"65":{"start":{"line":288,"column":8},"end":{"line":290,"column":9},"skip":true},"66":{"start":{"line":289,"column":12},"end":{"line":289,"column":18},"skip":true},"67":{"start":{"line":291,"column":8},"end":{"line":293,"column":54},"skip":true},"68":{"start":{"line":294,"column":8},"end":{"line":301,"column":37},"skip":true},"69":{"start":{"line":302,"column":8},"end":{"line":302,"column":82},"skip":true},"70":{"start":{"line":305,"column":8},"end":{"line":307,"column":9},"skip":true},"71":{"start":{"line":306,"column":12},"end":{"line":306,"column":82},"skip":true},"72":{"start":{"line":309,"column":8},"end":{"line":311,"column":9},"skip":true},"73":{"start":{"line":310,"column":12},"end":{"line":310,"column":18},"skip":true},"74":{"start":{"line":312,"column":8},"end":{"line":312,"column":54},"skip":true},"75":{"start":{"line":313,"column":8},"end":{"line":313,"column":69},"skip":true},"76":{"start":{"line":314,"column":8},"end":{"line":322,"column":36},"skip":true},"77":{"start":{"line":315,"column":12},"end":{"line":315,"column":61},"skip":true},"78":{"start":{"line":316,"column":12},"end":{"line":319,"column":13},"skip":true},"79":{"start":{"line":317,"column":16},"end":{"line":317,"column":75},"skip":true},"80":{"start":{"line":318,"column":16},"end":{"line":318,"column":23},"skip":true},"81":{"start":{"line":320,"column":12},"end":{"line":320,"column":38},"skip":true},"82":{"start":{"line":321,"column":12},"end":{"line":321,"column":27},"skip":true},"83":{"start":{"line":323,"column":8},"end":{"line":323,"column":14},"skip":true}},"branchMap":{"1":{"line":39,"type":"binary-expr","locations":[{"start":{"line":39,"column":23},"end":{"line":39,"column":62}},{"start":{"line":40,"column":20},"end":{"line":40,"column":70}},{"start":{"line":41,"column":20},"end":{"line":41,"column":71}},{"start":{"line":42,"column":20},"end":{"line":42,"column":29}}]},"2":{"line":44,"type":"binary-expr","locations":[{"start":{"line":44,"column":23},"end":{"line":44,"column":37}},{"start":{"line":45,"column":20},"end":{"line":45,"column":61}},{"start":{"line":46,"column":20},"end":{"line":46,"column":70}},{"start":{"line":47,"column":20},"end":{"line":47,"column":26}}]},"3":{"line":51,"type":"cond-expr","locations":[{"start":{"line":52,"column":14},"end":{"line":52,"column":20}},{"start":{"line":53,"column":14},"end":{"line":53,"column":20}}]},"4":{"line":55,"type":"binary-expr","locations":[{"start":{"line":55,"column":16},"end":{"line":55,"column":44}},{"start":{"line":55,"column":49},"end":{"line":57,"column":43}}]},"5":{"line":55,"type":"cond-expr","locations":[{"start":{"line":56,"column":14},"end":{"line":56,"column":48}},{"start":{"line":57,"column":14},"end":{"line":57,"column":43}}]},"6":{"line":61,"type":"switch","locations":[{"start":{"line":68,"column":4},"end":{"line":150,"column":14},"skip":true},{"start":{"line":156,"column":4},"end":{"line":323,"column":14},"skip":true}]},"7":{"line":70,"type":"if","locations":[{"start":{"line":70,"column":12},"end":{"line":70,"column":12},"skip":true},{"start":{"line":70,"column":12},"end":{"line":70,"column":12},"skip":true}]},"8":{"line":70,"type":"binary-expr","locations":[{"start":{"line":70,"column":16},"end":{"line":70,"column":22},"skip":true},{"start":{"line":70,"column":27},"end":{"line":70,"column":32},"skip":true},{"start":{"line":71,"column":20},"end":{"line":71,"column":39},"skip":true},{"start":{"line":72,"column":20},"end":{"line":72,"column":49},"skip":true},{"start":{"line":73,"column":20},"end":{"line":73,"column":58},"skip":true},{"start":{"line":74,"column":20},"end":{"line":74,"column":69},"skip":true}]},"9":{"line":79,"type":"switch","locations":[{"start":{"line":80,"column":20},"end":{"line":80,"column":33},"skip":true},{"start":{"line":81,"column":20},"end":{"line":83,"column":30},"skip":true},{"start":{"line":84,"column":20},"end":{"line":85,"column":49},"skip":true}]},"10":{"line":89,"type":"switch","locations":[{"start":{"line":90,"column":12},"end":{"line":103,"column":22},"skip":true},{"start":{"line":105,"column":12},"end":{"line":106,"column":22},"skip":true}]},"11":{"line":89,"type":"binary-expr","locations":[{"start":{"line":89,"column":20},"end":{"line":89,"column":25},"skip":true},{"start":{"line":89,"column":29},"end":{"line":89,"column":48},"skip":true},{"start":{"line":89,"column":52},"end":{"line":89,"column":74},"skip":true}]},"12":{"line":92,"type":"if","locations":[{"start":{"line":92,"column":16},"end":{"line":92,"column":16},"skip":true},{"start":{"line":92,"column":16},"end":{"line":92,"column":16},"skip":true}]},"13":{"line":108,"type":"if","locations":[{"start":{"line":108,"column":12},"end":{"line":108,"column":12},"skip":true},{"start":{"line":108,"column":12},"end":{"line":108,"column":12},"skip":true}]},"14":{"line":108,"type":"binary-expr","locations":[{"start":{"line":108,"column":16},"end":{"line":108,"column":61},"skip":true},{"start":{"line":108,"column":66},"end":{"line":108,"column":72},"skip":true},{"start":{"line":108,"column":77},"end":{"line":108,"column":82},"skip":true},{"start":{"line":109,"column":20},"end":{"line":109,"column":39},"skip":true},{"start":{"line":110,"column":20},"end":{"line":110,"column":49},"skip":true},{"start":{"line":111,"column":20},"end":{"line":111,"column":58},"skip":true},{"start":{"line":112,"column":20},"end":{"line":112,"column":68},"skip":true}]},"15":{"line":129,"type":"if","locations":[{"start":{"line":129,"column":16},"end":{"line":129,"column":16},"skip":true},{"start":{"line":129,"column":16},"end":{"line":129,"column":16},"skip":true}]},"16":{"line":134,"type":"cond-expr","locations":[{"start":{"line":135,"column":26},"end":{"line":135,"column":29},"skip":true},{"start":{"line":136,"column":26},"end":{"line":136,"column":54},"skip":true}]},"17":{"line":164,"type":"binary-expr","locations":[{"start":{"line":164,"column":27},"end":{"line":164,"column":43},"skip":true},{"start":{"line":164,"column":47},"end":{"line":164,"column":49},"skip":true}]},"18":{"line":258,"type":"if","locations":[{"start":{"line":258,"column":8},"end":{"line":258,"column":8},"skip":true},{"start":{"line":258,"column":8},"end":{"line":258,"column":8},"skip":true}]},"19":{"line":275,"type":"switch","locations":[{"start":{"line":276,"column":20},"end":{"line":277,"column":64},"skip":true},{"start":{"line":278,"column":20},"end":{"line":279,"column":40},"skip":true},{"start":{"line":280,"column":20},"end":{"line":281,"column":40},"skip":true},{"start":{"line":282,"column":20},"end":{"line":283,"column":39},"skip":true}]},"20":{"line":288,"type":"if","locations":[{"start":{"line":288,"column":8},"end":{"line":288,"column":8},"skip":true},{"start":{"line":288,"column":8},"end":{"line":288,"column":8},"skip":true}]},"21":{"line":288,"type":"binary-expr","locations":[{"start":{"line":288,"column":12},"end":{"line":288,"column":40},"skip":true},{"start":{"line":288,"column":44},"end":{"line":288,"column":67},"skip":true}]},"22":{"line":292,"type":"binary-expr","locations":[{"start":{"line":292,"column":12},"end":{"line":292,"column":50},"skip":true},{"start":{"line":293,"column":12},"end":{"line":293,"column":53},"skip":true}]},"23":{"line":295,"type":"binary-expr","locations":[{"start":{"line":295,"column":12},"end":{"line":295,"column":62},"skip":true},{"start":{"line":296,"column":12},"end":{"line":301,"column":36},"skip":true}]},"24":{"line":302,"type":"binary-expr","locations":[{"start":{"line":302,"column":43},"end":{"line":302,"column":75},"skip":true},{"start":{"line":302,"column":79},"end":{"line":302,"column":81},"skip":true}]},"25":{"line":305,"type":"if","locations":[{"start":{"line":305,"column":8},"end":{"line":305,"column":8},"skip":true},{"start":{"line":305,"column":8},"end":{"line":305,"column":8},"skip":true}]},"26":{"line":309,"type":"if","locations":[{"start":{"line":309,"column":8},"end":{"line":309,"column":8},"skip":true},{"start":{"line":309,"column":8},"end":{"line":309,"column":8},"skip":true}]},"27":{"line":312,"type":"binary-expr","locations":[{"start":{"line":312,"column":27},"end":{"line":312,"column":43},"skip":true},{"start":{"line":312,"column":47},"end":{"line":312,"column":53},"skip":true}]},"28":{"line":316,"type":"if","locations":[{"start":{"line":316,"column":12},"end":{"line":316,"column":12},"skip":true},{"start":{"line":316,"column":12},"end":{"line":316,"column":12},"skip":true}]}},"code":["/*","example.js","","quickstart example","","instruction","    1. save this script as example.js","    2. run the shell command:","        $ npm install npmtest-when && PORT=8081 node example.js","    3. play with the browser-demo on http://127.0.0.1:8081","*/","","","","/* istanbul instrument in package npmtest_when */","/*jslint","    bitwise: true,","    browser: true,","    maxerr: 8,","    maxlen: 96,","    node: true,","    nomen: true,","    regexp: true,","    stupid: true","*/","(function () {","    'use strict';","    var local;","","","","    // run shared js-env code - pre-init","    (function () {","        // init local","        local = {};","        // init modeJs","        local.modeJs = (function () {","            try {","                return typeof navigator.userAgent === 'string' &&","                    typeof document.querySelector('body') === 'object' &&","                    typeof XMLHttpRequest.prototype.open === 'function' &&","                    'browser';","            } catch (errorCaughtBrowser) {","                return module.exports &&","                    typeof process.versions.node === 'string' &&","                    typeof require('http').createServer === 'function' &&","                    'node';","            }","        }());","        // init global","        local.global = local.modeJs === 'browser'","            ? window","            : global;","        // init utility2_rollup","        local = local.global.utility2_rollup || (local.modeJs === 'browser'","            ? local.global.utility2_npmtest_when","            : global.utility2_moduleExports);","        // export local","        local.global.local = local;","    }());","    switch (local.modeJs) {","","","","    // post-init","    // run browser js-env code - post-init","    /* istanbul ignore next */","    case 'browser':","        local.testRunBrowser = function (event) {","            if (!event || (event &&","                    event.currentTarget &&","                    event.currentTarget.className &&","                    event.currentTarget.className.includes &&","                    event.currentTarget.className.includes('onreset'))) {","                // reset output","                Array.from(","                    document.querySelectorAll('body > .resettable')","                ).forEach(function (element) {","                    switch (element.tagName) {","                    case 'INPUT':","                    case 'TEXTAREA':","                        element.value = '';","                        break;","                    default:","                        element.textContent = '';","                    }","                });","            }","            switch (event && event.currentTarget && event.currentTarget.id) {","            case 'testRunButton1':","                // show tests","                if (document.querySelector('#testReportDiv1').style.display === 'none') {","                    document.querySelector('#testReportDiv1').style.display = 'block';","                    document.querySelector('#testRunButton1').textContent =","                        'hide internal test';","                    local.modeTest = true;","                    local.testRunDefault(local);","                // hide tests","                } else {","                    document.querySelector('#testReportDiv1').style.display = 'none';","                    document.querySelector('#testRunButton1').textContent = 'run internal test';","                }","                break;","            // custom-case","            default:","                break;","            }","            if (document.querySelector('#inputTextareaEval1') && (!event || (event &&","                    event.currentTarget &&","                    event.currentTarget.className &&","                    event.currentTarget.className.includes &&","                    event.currentTarget.className.includes('oneval')))) {","                // try to eval input-code","                try {","                    /*jslint evil: true*/","                    eval(document.querySelector('#inputTextareaEval1').value);","                } catch (errorCaught) {","                    console.error(errorCaught.stack);","                }","            }","        };","        // log stderr and stdout to #outputTextareaStdout1","        ['error', 'log'].forEach(function (key) {","            console[key + '_original'] = console[key];","            console[key] = function () {","                var element;","                console[key + '_original'].apply(console, arguments);","                element = document.querySelector('#outputTextareaStdout1');","                if (!element) {","                    return;","                }","                // append text to #outputTextareaStdout1","                element.value += Array.from(arguments).map(function (arg) {","                    return typeof arg === 'string'","                        ? arg","                        : JSON.stringify(arg, null, 4);","                }).join(' ') + '\\n';","                // scroll textarea to bottom","                element.scrollTop = element.scrollHeight;","            };","        });","        // init event-handling","        ['change', 'click', 'keyup'].forEach(function (event) {","            Array.from(document.querySelectorAll('.on' + event)).forEach(function (element) {","                element.addEventListener(event, local.testRunBrowser);","            });","        });","        // run tests","        local.testRunBrowser();","        break;","","","","    // run node js-env code - post-init","    /* istanbul ignore next */","    case 'node':","        // export local","        module.exports = local;","        // require modules","        local.fs = require('fs');","        local.http = require('http');","        local.url = require('url');","        // init assets","        local.assetsDict = local.assetsDict || {};","        /* jslint-ignore-begin */","        local.assetsDict['/assets.index.template.html'] = '\\","<!doctype html>\\n\\","<html lang=\"en\">\\n\\","<head>\\n\\","<meta charset=\"UTF-8\">\\n\\","<meta name=\"viewport\" content=\"width=device-width, initial-scale=1\">\\n\\","<title>{{env.npm_package_name}} (v{{env.npm_package_version}})</title>\\n\\","<style>\\n\\","/*csslint\\n\\","    box-sizing: false,\\n\\","    universal-selector: false\\n\\","*/\\n\\","* {\\n\\","    box-sizing: border-box;\\n\\","}\\n\\","body {\\n\\","    background: #dde;\\n\\","    font-family: Arial, Helvetica, sans-serif;\\n\\","    margin: 2rem;\\n\\","}\\n\\","body > * {\\n\\","    margin-bottom: 1rem;\\n\\","}\\n\\",".utility2FooterDiv {\\n\\","    margin-top: 20px;\\n\\","    text-align: center;\\n\\","}\\n\\","</style>\\n\\","<style>\\n\\","/*csslint\\n\\","*/\\n\\","textarea {\\n\\","    font-family: monospace;\\n\\","    height: 10rem;\\n\\","    width: 100%;\\n\\","}\\n\\","textarea[readonly] {\\n\\","    background: #ddd;\\n\\","}\\n\\","</style>\\n\\","</head>\\n\\","<body>\\n\\","<!-- utility2-comment\\n\\","<div id=\"ajaxProgressDiv1\" style=\"background: #d00; height: 2px; left: 0; margin: 0; padding: 0; position: fixed; top: 0; transition: background 0.5s, width 1.5s; width: 25%;\"></div>\\n\\","utility2-comment -->\\n\\","<h1>\\n\\","<!-- utility2-comment\\n\\","    <a\\n\\","        {{#if env.npm_package_homepage}}\\n\\","        href=\"{{env.npm_package_homepage}}\"\\n\\","        {{/if env.npm_package_homepage}}\\n\\","        target=\"_blank\"\\n\\","    >\\n\\","utility2-comment -->\\n\\","        {{env.npm_package_name}} (v{{env.npm_package_version}})\\n\\","<!-- utility2-comment\\n\\","    </a>\\n\\","utility2-comment -->\\n\\","</h1>\\n\\","<h3>{{env.npm_package_description}}</h3>\\n\\","<!-- utility2-comment\\n\\","<h4><a download href=\"assets.app.js\">download standalone app</a></h4>\\n\\","<button class=\"onclick onreset\" id=\"testRunButton1\">run internal test</button><br>\\n\\","<div id=\"testReportDiv1\" style=\"display: none;\"></div>\\n\\","utility2-comment -->\\n\\","\\n\\","\\n\\","\\n\\","<label>stderr and stdout</label>\\n\\","<textarea class=\"resettable\" id=\"outputTextareaStdout1\" readonly></textarea>\\n\\","<!-- utility2-comment\\n\\","{{#if isRollup}}\\n\\","<script src=\"assets.app.js\"></script>\\n\\","{{#unless isRollup}}\\n\\","utility2-comment -->\\n\\","<script src=\"assets.utility2.rollup.js\"></script>\\n\\","<script src=\"jsonp.utility2._stateInit?callback=window.utility2._stateInit\"></script>\\n\\","<script src=\"assets.npmtest_when.rollup.js\"></script>\\n\\","<script src=\"assets.example.js\"></script>\\n\\","<script src=\"assets.test.js\"></script>\\n\\","<!-- utility2-comment\\n\\","{{/if isRollup}}\\n\\","utility2-comment -->\\n\\","<div class=\"utility2FooterDiv\">\\n\\","    [ this app was created with\\n\\","    <a href=\"https://github.com/kaizhu256/node-utility2\" target=\"_blank\">utility2</a>\\n\\","    ]\\n\\","</div>\\n\\","</body>\\n\\","</html>\\n\\","';","        /* jslint-ignore-end */","        if (local.templateRender) {","            local.assetsDict['/'] = local.templateRender(","                local.assetsDict['/assets.index.template.html'],","                {","                    env: local.objectSetDefault(local.env, {","                        npm_package_description: 'the greatest app in the world!',","                        npm_package_name: 'my-app',","                        npm_package_nameAlias: 'my_app',","                        npm_package_version: '0.0.1'","                    })","                }","            );","        } else {","            local.assetsDict['/'] = local.assetsDict['/assets.index.template.html']","                .replace((/\\{\\{env\\.(\\w+?)\\}\\}/g), function (match0, match1) {","                    // jslint-hack","                    String(match0);","                    switch (match1) {","                    case 'npm_package_description':","                        return 'the greatest app in the world!';","                    case 'npm_package_name':","                        return 'my-app';","                    case 'npm_package_nameAlias':","                        return 'my_app';","                    case 'npm_package_version':","                        return '0.0.1';","                    }","                });","        }","        // run the cli","        if (local.global.utility2_rollup || module !== require.main) {","            break;","        }","        local.assetsDict['/assets.example.js'] =","            local.assetsDict['/assets.example.js'] ||","            local.fs.readFileSync(__filename, 'utf8');","        local.assetsDict['/assets.npmtest_when.rollup.js'] =","            local.assetsDict['/assets.npmtest_when.rollup.js'] ||","            local.fs.readFileSync(","                // buildCustomOrg-hack","                local.npmtest_when.__dirname +","                    '/lib.npmtest_when.js',","                'utf8'","            ).replace((/^#!/), '//');","        local.assetsDict['/favicon.ico'] = local.assetsDict['/favicon.ico'] || '';","        // if $npm_config_timeout_exit exists,","        // then exit this process after $npm_config_timeout_exit ms","        if (Number(process.env.npm_config_timeout_exit)) {","            setTimeout(process.exit, Number(process.env.npm_config_timeout_exit));","        }","        // start server","        if (local.global.utility2_serverHttp1) {","            break;","        }","        process.env.PORT = process.env.PORT || '8081';","        console.error('server starting on port ' + process.env.PORT);","        local.http.createServer(function (request, response) {","            request.urlParsed = local.url.parse(request.url);","            if (local.assetsDict[request.urlParsed.pathname] !== undefined) {","                response.end(local.assetsDict[request.urlParsed.pathname]);","                return;","            }","            response.statusCode = 404;","            response.end();","        }).listen(process.env.PORT);","        break;","    }","}());",""],"l":{"26":2,"28":2,"33":2,"35":2,"37":2,"38":2,"39":2,"44":1,"51":2,"55":2,"59":2,"61":2,"69":1,"70":2,"76":2,"79":2,"82":2,"83":2,"85":1,"89":2,"92":1,"93":1,"94":1,"96":1,"97":1,"100":1,"101":1,"103":1,"106":1,"108":2,"114":1,"116":1,"118":1,"123":1,"124":2,"125":2,"126":2,"127":2,"128":2,"129":2,"130":1,"133":2,"134":2,"139":2,"143":1,"144":3,"145":1,"149":1,"150":1,"158":1,"160":1,"161":1,"162":1,"164":1,"166":1,"258":1,"259":1,"271":1,"274":6,"275":6,"277":1,"279":2,"281":1,"283":2,"288":1,"289":1,"291":1,"294":1,"302":1,"305":1,"306":1,"309":1,"310":1,"312":1,"313":1,"314":1,"315":1,"316":1,"317":1,"318":1,"320":1,"321":1,"323":1}},"/home/travis/build/npmtest/node-npmtest-when/when/when.js":{"path":"/home/travis/build/npmtest/node-npmtest-when/when/when.js","s":{"1":1,"2":1,"3":1,"4":1,"5":1,"6":1,"7":1,"8":1,"9":1,"10":1,"11":1,"12":1,"13":1,"14":9,"15":1,"16":1,"17":1,"18":1,"19":1,"20":1,"21":1,"22":1,"23":1,"24":1,"25":1,"26":1,"27":1,"28":1,"29":1,"30":1,"31":1,"32":1,"33":1,"34":1,"35":1,"36":1,"37":1,"38":1,"39":0,"40":0,"41":0,"42":0,"43":1,"44":0,"45":1,"46":5,"47":0,"48":0,"49":0,"50":1,"51":0,"52":0,"53":0,"54":1,"55":0,"56":1,"57":0,"58":1,"59":0,"60":1,"61":0,"62":1,"63":0,"64":0,"65":0,"66":0,"67":0,"68":0,"69":1,"70":0,"71":1,"72":0,"73":1,"74":0,"75":1,"76":0,"77":1,"78":0,"79":0,"80":1,"81":0,"82":0,"83":1,"84":1},"b":{"1":[0,0],"2":[0,0],"3":[0,1],"4":[1,0]},"f":{"1":1,"2":1,"3":9,"4":0,"5":0,"6":5,"7":0,"8":0,"9":0,"10":0,"11":0,"12":0,"13":0,"14":0,"15":0,"16":0,"17":0,"18":0,"19":0,"20":0,"21":0,"22":1},"fnMap":{"1":{"name":"(anonymous_1)","line":9,"loc":{"start":{"line":9,"column":1},"end":{"line":9,"column":18}}},"2":{"name":"(anonymous_2)","line":10,"loc":{"start":{"line":10,"column":7},"end":{"line":10,"column":26}}},"3":{"name":"(anonymous_3)","line":25,"loc":{"start":{"line":25,"column":10},"end":{"line":25,"column":37}}},"4":{"name":"when","line":82,"loc":{"start":{"line":82,"column":1},"end":{"line":82,"column":55}}},"5":{"name":"promise","line":96,"loc":{"start":{"line":96,"column":1},"end":{"line":96,"column":28}}},"6":{"name":"lift","line":106,"loc":{"start":{"line":106,"column":1},"end":{"line":106,"column":18}}},"7":{"name":"(anonymous_7)","line":107,"loc":{"start":{"line":107,"column":9},"end":{"line":107,"column":20}}},"8":{"name":"attempt","line":121,"loc":{"start":{"line":121,"column":1},"end":{"line":121,"column":36}}},"9":{"name":"defer","line":134,"loc":{"start":{"line":134,"column":1},"end":{"line":134,"column":18}}},"10":{"name":"Deferred","line":138,"loc":{"start":{"line":138,"column":1},"end":{"line":138,"column":21}}},"11":{"name":"resolve","line":141,"loc":{"start":{"line":141,"column":2},"end":{"line":141,"column":22}}},"12":{"name":"reject","line":142,"loc":{"start":{"line":142,"column":2},"end":{"line":142,"column":21}}},"13":{"name":"notify","line":143,"loc":{"start":{"line":143,"column":2},"end":{"line":143,"column":21}}},"14":{"name":"isPromiseLike","line":160,"loc":{"start":{"line":160,"column":1},"end":{"line":160,"column":27}}},"15":{"name":"join","line":171,"loc":{"start":{"line":171,"column":1},"end":{"line":171,"column":34}}},"16":{"name":"all","line":181,"loc":{"start":{"line":181,"column":1},"end":{"line":181,"column":24}}},"17":{"name":"settle","line":192,"loc":{"start":{"line":192,"column":1},"end":{"line":192,"column":27}}},"18":{"name":"map","line":205,"loc":{"start":{"line":205,"column":1},"end":{"line":205,"column":33}}},"19":{"name":"(anonymous_19)","line":206,"loc":{"start":{"line":206,"column":24},"end":{"line":206,"column":43}}},"20":{"name":"filter","line":220,"loc":{"start":{"line":220,"column":1},"end":{"line":220,"column":38}}},"21":{"name":"(anonymous_21)","line":221,"loc":{"start":{"line":221,"column":24},"end":{"line":221,"column":43}}},"22":{"name":"(anonymous_22)","line":228,"loc":{"start":{"line":228,"column":57},"end":{"line":228,"column":76}}}},"statementMap":{"1":{"start":{"line":9,"column":0},"end":{"line":228,"column":116}},"2":{"start":{"line":10,"column":0},"end":{"line":227,"column":3}},"3":{"start":{"line":12,"column":1},"end":{"line":12,"column":47}},"4":{"start":{"line":13,"column":1},"end":{"line":13,"column":47}},"5":{"start":{"line":14,"column":1},"end":{"line":14,"column":45}},"6":{"start":{"line":15,"column":1},"end":{"line":15,"column":45}},"7":{"start":{"line":16,"column":1},"end":{"line":16,"column":51}},"8":{"start":{"line":17,"column":1},"end":{"line":17,"column":52}},"9":{"start":{"line":18,"column":1},"end":{"line":18,"column":53}},"10":{"start":{"line":19,"column":1},"end":{"line":19,"column":49}},"11":{"start":{"line":20,"column":1},"end":{"line":20,"column":73}},"12":{"start":{"line":21,"column":1},"end":{"line":21,"column":50}},"13":{"start":{"line":23,"column":1},"end":{"line":27,"column":31}},"14":{"start":{"line":26,"column":3},"end":{"line":26,"column":27}},"15":{"start":{"line":29,"column":1},"end":{"line":29,"column":45}},"16":{"start":{"line":33,"column":1},"end":{"line":33,"column":28}},"17":{"start":{"line":34,"column":1},"end":{"line":34,"column":36}},"18":{"start":{"line":35,"column":1},"end":{"line":35,"column":35}},"19":{"start":{"line":37,"column":1},"end":{"line":37,"column":25}},"20":{"start":{"line":38,"column":1},"end":{"line":38,"column":28}},"21":{"start":{"line":39,"column":1},"end":{"line":39,"column":28}},"22":{"start":{"line":41,"column":1},"end":{"line":41,"column":36}},"23":{"start":{"line":42,"column":1},"end":{"line":42,"column":35}},"24":{"start":{"line":44,"column":1},"end":{"line":44,"column":25}},"25":{"start":{"line":46,"column":1},"end":{"line":46,"column":24}},"26":{"start":{"line":47,"column":1},"end":{"line":47,"column":27}},"27":{"start":{"line":49,"column":1},"end":{"line":49,"column":38}},"28":{"start":{"line":50,"column":1},"end":{"line":50,"column":39}},"29":{"start":{"line":51,"column":1},"end":{"line":51,"column":39}},"30":{"start":{"line":53,"column":1},"end":{"line":53,"column":24}},"31":{"start":{"line":54,"column":1},"end":{"line":54,"column":27}},"32":{"start":{"line":55,"column":1},"end":{"line":55,"column":41}},"33":{"start":{"line":56,"column":1},"end":{"line":56,"column":46}},"34":{"start":{"line":58,"column":1},"end":{"line":58,"column":36}},"35":{"start":{"line":60,"column":1},"end":{"line":60,"column":28}},"36":{"start":{"line":61,"column":1},"end":{"line":61,"column":26}},"37":{"start":{"line":65,"column":1},"end":{"line":65,"column":34}},"38":{"start":{"line":82,"column":1},"end":{"line":89,"column":2}},"39":{"start":{"line":83,"column":2},"end":{"line":83,"column":29}},"40":{"start":{"line":84,"column":2},"end":{"line":86,"column":3}},"41":{"start":{"line":85,"column":3},"end":{"line":85,"column":12}},"42":{"start":{"line":88,"column":2},"end":{"line":88,"column":53}},"43":{"start":{"line":96,"column":1},"end":{"line":98,"column":2}},"44":{"start":{"line":97,"column":2},"end":{"line":97,"column":31}},"45":{"start":{"line":106,"column":1},"end":{"line":113,"column":2}},"46":{"start":{"line":107,"column":2},"end":{"line":112,"column":4}},"47":{"start":{"line":108,"column":3},"end":{"line":110,"column":4}},"48":{"start":{"line":109,"column":4},"end":{"line":109,"column":24}},"49":{"start":{"line":111,"column":3},"end":{"line":111,"column":28}},"50":{"start":{"line":121,"column":1},"end":{"line":127,"column":2}},"51":{"start":{"line":123,"column":2},"end":{"line":125,"column":3}},"52":{"start":{"line":124,"column":3},"end":{"line":124,"column":25}},"53":{"start":{"line":126,"column":2},"end":{"line":126,"column":27}},"54":{"start":{"line":134,"column":1},"end":{"line":136,"column":2}},"55":{"start":{"line":135,"column":2},"end":{"line":135,"column":24}},"56":{"start":{"line":138,"column":1},"end":{"line":150,"column":2}},"57":{"start":{"line":139,"column":2},"end":{"line":139,"column":27}},"58":{"start":{"line":141,"column":2},"end":{"line":141,"column":48}},"59":{"start":{"line":141,"column":24},"end":{"line":141,"column":46}},"60":{"start":{"line":142,"column":2},"end":{"line":142,"column":46}},"61":{"start":{"line":142,"column":23},"end":{"line":142,"column":44}},"62":{"start":{"line":143,"column":2},"end":{"line":143,"column":46}},"63":{"start":{"line":143,"column":23},"end":{"line":143,"column":44}},"64":{"start":{"line":145,"column":2},"end":{"line":145,"column":19}},"65":{"start":{"line":146,"column":2},"end":{"line":146,"column":25}},"66":{"start":{"line":147,"column":2},"end":{"line":147,"column":23}},"67":{"start":{"line":148,"column":2},"end":{"line":148,"column":23}},"68":{"start":{"line":149,"column":2},"end":{"line":149,"column":71}},"69":{"start":{"line":160,"column":1},"end":{"line":162,"column":2}},"70":{"start":{"line":161,"column":2},"end":{"line":161,"column":43}},"71":{"start":{"line":171,"column":1},"end":{"line":173,"column":2}},"72":{"start":{"line":172,"column":2},"end":{"line":172,"column":32}},"73":{"start":{"line":181,"column":1},"end":{"line":183,"column":2}},"74":{"start":{"line":182,"column":2},"end":{"line":182,"column":37}},"75":{"start":{"line":192,"column":1},"end":{"line":194,"column":2}},"76":{"start":{"line":193,"column":2},"end":{"line":193,"column":40}},"77":{"start":{"line":205,"column":1},"end":{"line":209,"column":2}},"78":{"start":{"line":206,"column":2},"end":{"line":208,"column":5}},"79":{"start":{"line":207,"column":3},"end":{"line":207,"column":41}},"80":{"start":{"line":220,"column":1},"end":{"line":224,"column":2}},"81":{"start":{"line":221,"column":2},"end":{"line":223,"column":5}},"82":{"start":{"line":222,"column":3},"end":{"line":222,"column":46}},"83":{"start":{"line":226,"column":1},"end":{"line":226,"column":13}},"84":{"start":{"line":228,"column":78},"end":{"line":228,"column":112}}},"branchMap":{"1":{"line":84,"type":"if","locations":[{"start":{"line":84,"column":2},"end":{"line":84,"column":2}},{"start":{"line":84,"column":2},"end":{"line":84,"column":2}}]},"2":{"line":161,"type":"binary-expr","locations":[{"start":{"line":161,"column":9},"end":{"line":161,"column":10}},{"start":{"line":161,"column":14},"end":{"line":161,"column":42}}]},"3":{"line":228,"type":"cond-expr","locations":[{"start":{"line":228,"column":48},"end":{"line":228,"column":54}},{"start":{"line":228,"column":57},"end":{"line":228,"column":114}}]},"4":{"line":228,"type":"binary-expr","locations":[{"start":{"line":228,"column":3},"end":{"line":228,"column":31}},{"start":{"line":228,"column":35},"end":{"line":228,"column":45}}]}},"code":["/** @license MIT License (c) copyright 2010-2014 original author or authors */","","/**"," * Promises/A+ and when() implementation"," * when is part of the cujoJS family of libraries (http://cujojs.com/)"," * @author Brian Cavalier"," * @author John Hann"," */","(function(define) { 'use strict';","define(function (require) {","","\tvar timed = require('./lib/decorators/timed');","\tvar array = require('./lib/decorators/array');","\tvar flow = require('./lib/decorators/flow');","\tvar fold = require('./lib/decorators/fold');","\tvar inspect = require('./lib/decorators/inspect');","\tvar generate = require('./lib/decorators/iterate');","\tvar progress = require('./lib/decorators/progress');","\tvar withThis = require('./lib/decorators/with');","\tvar unhandledRejection = require('./lib/decorators/unhandledRejection');","\tvar TimeoutError = require('./lib/TimeoutError');","","\tvar Promise = [array, flow, fold, generate, progress,","\t\tinspect, withThis, timed, unhandledRejection]","\t\t.reduce(function(Promise, feature) {","\t\t\treturn feature(Promise);","\t\t}, require('./lib/Promise'));","","\tvar apply = require('./lib/apply')(Promise);","","\t// Public API","","\twhen.promise     = promise;              // Create a pending promise","\twhen.resolve     = Promise.resolve;      // Create a resolved promise","\twhen.reject      = Promise.reject;       // Create a rejected promise","","\twhen.lift        = lift;                 // lift a function to return promises","\twhen['try']      = attempt;              // call a function and return a promise","\twhen.attempt     = attempt;              // alias for when.try","","\twhen.iterate     = Promise.iterate;      // DEPRECATED (use cujojs/most streams) Generate a stream of promises","\twhen.unfold      = Promise.unfold;       // DEPRECATED (use cujojs/most streams) Generate a stream of promises","","\twhen.join        = join;                 // Join 2 or more promises","","\twhen.all         = all;                  // Resolve a list of promises","\twhen.settle      = settle;               // Settle a list of promises","","\twhen.any         = lift(Promise.any);    // One-winner race","\twhen.some        = lift(Promise.some);   // Multi-winner race","\twhen.race        = lift(Promise.race);   // First-to-settle race","","\twhen.map         = map;                  // Array.map() for promises","\twhen.filter      = filter;               // Array.filter() for promises","\twhen.reduce      = lift(Promise.reduce);       // Array.reduce() for promises","\twhen.reduceRight = lift(Promise.reduceRight);  // Array.reduceRight() for promises","","\twhen.isPromiseLike = isPromiseLike;      // Is something promise-like, aka thenable","","\twhen.Promise     = Promise;              // Promise constructor","\twhen.defer       = defer;                // Create a {promise, resolve, reject} tuple","","\t// Error types","","\twhen.TimeoutError = TimeoutError;","","\t/**","\t * Get a trusted promise for x, or by transforming x with onFulfilled","\t *","\t * @param {*} x","\t * @param {function?} onFulfilled callback to be called when x is","\t *   successfully fulfilled.  If promiseOrValue is an immediate value, callback","\t *   will be invoked immediately.","\t * @param {function?} onRejected callback to be called when x is","\t *   rejected.","\t * @param {function?} onProgress callback to be called when progress updates","\t *   are issued for x. @deprecated","\t * @returns {Promise} a new promise that will fulfill with the return","\t *   value of callback or errback or the completion value of promiseOrValue if","\t *   callback and/or errback is not supplied.","\t */","\tfunction when(x, onFulfilled, onRejected, onProgress) {","\t\tvar p = Promise.resolve(x);","\t\tif (arguments.length < 2) {","\t\t\treturn p;","\t\t}","","\t\treturn p.then(onFulfilled, onRejected, onProgress);","\t}","","\t/**","\t * Creates a new promise whose fate is determined by resolver.","\t * @param {function} resolver function(resolve, reject, notify)","\t * @returns {Promise} promise whose fate is determine by resolver","\t */","\tfunction promise(resolver) {","\t\treturn new Promise(resolver);","\t}","","\t/**","\t * Lift the supplied function, creating a version of f that returns","\t * promises, and accepts promises as arguments.","\t * @param {function} f","\t * @returns {Function} version of f that returns promises","\t */","\tfunction lift(f) {","\t\treturn function() {","\t\t\tfor(var i=0, l=arguments.length, a=new Array(l); i<l; ++i) {","\t\t\t\ta[i] = arguments[i];","\t\t\t}","\t\t\treturn apply(f, this, a);","\t\t};","\t}","","\t/**","\t * Call f in a future turn, with the supplied args, and return a promise","\t * for the result.","\t * @param {function} f","\t * @returns {Promise}","\t */","\tfunction attempt(f /*, args... */) {","\t\t/*jshint validthis:true */","\t\tfor(var i=0, l=arguments.length-1, a=new Array(l); i<l; ++i) {","\t\t\ta[i] = arguments[i+1];","\t\t}","\t\treturn apply(f, this, a);","\t}","","\t/**","\t * Creates a {promise, resolver} pair, either or both of which","\t * may be given out safely to consumers.","\t * @return {{promise: Promise, resolve: function, reject: function, notify: function}}","\t */","\tfunction defer() {","\t\treturn new Deferred();","\t}","","\tfunction Deferred() {","\t\tvar p = Promise._defer();","","\t\tfunction resolve(x) { p._handler.resolve(x); }","\t\tfunction reject(x) { p._handler.reject(x); }","\t\tfunction notify(x) { p._handler.notify(x); }","","\t\tthis.promise = p;","\t\tthis.resolve = resolve;","\t\tthis.reject = reject;","\t\tthis.notify = notify;","\t\tthis.resolver = { resolve: resolve, reject: reject, notify: notify };","\t}","","\t/**","\t * Determines if x is promise-like, i.e. a thenable object","\t * NOTE: Will return true for *any thenable object*, and isn't truly","\t * safe, since it may attempt to access the `then` property of x (i.e.","\t *  clever/malicious getters may do weird things)","\t * @param {*} x anything","\t * @returns {boolean} true if x is promise-like","\t */","\tfunction isPromiseLike(x) {","\t\treturn x && typeof x.then === 'function';","\t}","","\t/**","\t * Return a promise that will resolve only once all the supplied arguments","\t * have resolved. The resolution value of the returned promise will be an array","\t * containing the resolution values of each of the arguments.","\t * @param {...*} arguments may be a mix of promises and values","\t * @returns {Promise}","\t */","\tfunction join(/* ...promises */) {","\t\treturn Promise.all(arguments);","\t}","","\t/**","\t * Return a promise that will fulfill once all input promises have","\t * fulfilled, or reject when any one input promise rejects.","\t * @param {array|Promise} promises array (or promise for an array) of promises","\t * @returns {Promise}","\t */","\tfunction all(promises) {","\t\treturn when(promises, Promise.all);","\t}","","\t/**","\t * Return a promise that will always fulfill with an array containing","\t * the outcome states of all input promises.  The returned promise","\t * will only reject if `promises` itself is a rejected promise.","\t * @param {array|Promise} promises array (or promise for an array) of promises","\t * @returns {Promise} promise for array of settled state descriptors","\t */","\tfunction settle(promises) {","\t\treturn when(promises, Promise.settle);","\t}","","\t/**","\t * Promise-aware array map function, similar to `Array.prototype.map()`,","\t * but input array may contain promises or values.","\t * @param {Array|Promise} promises array of anything, may contain promises and values","\t * @param {function(x:*, index:Number):*} mapFunc map function which may","\t *  return a promise or value","\t * @returns {Promise} promise that will fulfill with an array of mapped values","\t *  or reject if any input promise rejects.","\t */","\tfunction map(promises, mapFunc) {","\t\treturn when(promises, function(promises) {","\t\t\treturn Promise.map(promises, mapFunc);","\t\t});","\t}","","\t/**","\t * Filter the provided array of promises using the provided predicate.  Input may","\t * contain promises and values","\t * @param {Array|Promise} promises array of promises and values","\t * @param {function(x:*, index:Number):boolean} predicate filtering predicate.","\t *  Must return truthy (or promise for truthy) for items to retain.","\t * @returns {Promise} promise that will fulfill with an array containing all items","\t *  for which predicate returned truthy.","\t */","\tfunction filter(promises, predicate) {","\t\treturn when(promises, function(promises) {","\t\t\treturn Promise.filter(promises, predicate);","\t\t});","\t}","","\treturn when;","});","})(typeof define === 'function' && define.amd ? define : function (factory) { module.exports = factory(require); });",""],"l":{"9":1,"10":1,"12":1,"13":1,"14":1,"15":1,"16":1,"17":1,"18":1,"19":1,"20":1,"21":1,"23":1,"26":9,"29":1,"33":1,"34":1,"35":1,"37":1,"38":1,"39":1,"41":1,"42":1,"44":1,"46":1,"47":1,"49":1,"50":1,"51":1,"53":1,"54":1,"55":1,"56":1,"58":1,"60":1,"61":1,"65":1,"82":1,"83":0,"84":0,"85":0,"88":0,"96":1,"97":0,"106":1,"107":5,"108":0,"109":0,"111":0,"121":1,"123":0,"124":0,"126":0,"134":1,"135":0,"138":1,"139":0,"141":1,"142":1,"143":1,"145":0,"146":0,"147":0,"148":0,"149":0,"160":1,"161":0,"171":1,"172":0,"181":1,"182":0,"192":1,"193":0,"205":1,"206":0,"207":0,"220":1,"221":0,"222":0,"226":1,"228":1}},"/home/travis/build/npmtest/node-npmtest-when/when/lib/decorators/timed.js":{"path":"/home/travis/build/npmtest/node-npmtest-when/when/lib/decorators/timed.js","s":{"1":1,"2":1,"3":1,"4":1,"5":1,"6":0,"7":0,"8":1,"9":1,"10":0,"11":0,"12":0,"13":1,"14":0,"15":1,"16":0,"17":1,"18":0,"19":0,"20":0,"21":0,"22":0,"23":0,"24":0,"25":0,"26":0,"27":1,"28":0,"29":0,"30":1,"31":1},"b":{"1":[0,0],"2":[0,1],"3":[1,0]},"f":{"1":1,"2":1,"3":0,"4":0,"5":1,"6":0,"7":0,"8":0,"9":0,"10":0,"11":0,"12":0,"13":1},"fnMap":{"1":{"name":"(anonymous_1)","line":5,"loc":{"start":{"line":5,"column":1},"end":{"line":5,"column":18}}},"2":{"name":"(anonymous_2)","line":6,"loc":{"start":{"line":6,"column":7},"end":{"line":6,"column":25}}},"3":{"name":"setTimeout","line":11,"loc":{"start":{"line":11,"column":1},"end":{"line":11,"column":34}}},"4":{"name":"(anonymous_4)","line":12,"loc":{"start":{"line":12,"column":22},"end":{"line":12,"column":33}}},"5":{"name":"timed","line":17,"loc":{"start":{"line":17,"column":8},"end":{"line":17,"column":32}}},"6":{"name":"(anonymous_6)","line":24,"loc":{"start":{"line":24,"column":28},"end":{"line":24,"column":41}}},"7":{"name":"handleDelay","line":30,"loc":{"start":{"line":30,"column":2},"end":{"line":30,"column":33}}},"8":{"name":"resolveDelay","line":34,"loc":{"start":{"line":34,"column":2},"end":{"line":34,"column":30}}},"9":{"name":"(anonymous_9)","line":47,"loc":{"start":{"line":47,"column":30},"end":{"line":47,"column":51}}},"10":{"name":"onFulfill","line":54,"loc":{"start":{"line":54,"column":4},"end":{"line":54,"column":26}}},"11":{"name":"onReject","line":58,"loc":{"start":{"line":58,"column":4},"end":{"line":58,"column":25}}},"12":{"name":"onTimeout","line":67,"loc":{"start":{"line":67,"column":2},"end":{"line":67,"column":36}}},"13":{"name":"(anonymous_13)","line":78,"loc":{"start":{"line":78,"column":56},"end":{"line":78,"column":74}}}},"statementMap":{"1":{"start":{"line":5,"column":0},"end":{"line":78,"column":115}},"2":{"start":{"line":6,"column":0},"end":{"line":77,"column":3}},"3":{"start":{"line":8,"column":1},"end":{"line":8,"column":29}},"4":{"start":{"line":9,"column":1},"end":{"line":9,"column":47}},"5":{"start":{"line":11,"column":1},"end":{"line":15,"column":2}},"6":{"start":{"line":12,"column":2},"end":{"line":14,"column":9}},"7":{"start":{"line":13,"column":3},"end":{"line":13,"column":15}},"8":{"start":{"line":17,"column":1},"end":{"line":75,"column":3}},"9":{"start":{"line":24,"column":2},"end":{"line":28,"column":4}},"10":{"start":{"line":25,"column":3},"end":{"line":25,"column":25}},"11":{"start":{"line":26,"column":3},"end":{"line":26,"column":59}},"12":{"start":{"line":27,"column":3},"end":{"line":27,"column":12}},"13":{"start":{"line":30,"column":2},"end":{"line":32,"column":3}},"14":{"start":{"line":31,"column":3},"end":{"line":31,"column":38}},"15":{"start":{"line":34,"column":2},"end":{"line":36,"column":3}},"16":{"start":{"line":35,"column":3},"end":{"line":35,"column":16}},"17":{"start":{"line":47,"column":2},"end":{"line":65,"column":4}},"18":{"start":{"line":48,"column":3},"end":{"line":48,"column":25}},"19":{"start":{"line":49,"column":3},"end":{"line":49,"column":22}},"20":{"start":{"line":51,"column":3},"end":{"line":51,"column":57}},"21":{"start":{"line":53,"column":3},"end":{"line":62,"column":14}},"22":{"start":{"line":55,"column":5},"end":{"line":55,"column":23}},"23":{"start":{"line":56,"column":5},"end":{"line":56,"column":21}},"24":{"start":{"line":59,"column":5},"end":{"line":59,"column":23}},"25":{"start":{"line":60,"column":5},"end":{"line":60,"column":20}},"26":{"start":{"line":64,"column":3},"end":{"line":64,"column":12}},"27":{"start":{"line":67,"column":2},"end":{"line":72,"column":3}},"28":{"start":{"line":68,"column":3},"end":{"line":70,"column":13}},"29":{"start":{"line":71,"column":3},"end":{"line":71,"column":15}},"30":{"start":{"line":74,"column":2},"end":{"line":74,"column":17}},"31":{"start":{"line":78,"column":76},"end":{"line":78,"column":110}}},"branchMap":{"1":{"line":68,"type":"cond-expr","locations":[{"start":{"line":69,"column":6},"end":{"line":69,"column":54}},{"start":{"line":70,"column":6},"end":{"line":70,"column":12}}]},"2":{"line":78,"type":"cond-expr","locations":[{"start":{"line":78,"column":47},"end":{"line":78,"column":53}},{"start":{"line":78,"column":56},"end":{"line":78,"column":112}}]},"3":{"line":78,"type":"binary-expr","locations":[{"start":{"line":78,"column":2},"end":{"line":78,"column":30}},{"start":{"line":78,"column":34},"end":{"line":78,"column":44}}]}},"code":["/** @license MIT License (c) copyright 2010-2014 original author or authors */","/** @author Brian Cavalier */","/** @author John Hann */","","(function(define) { 'use strict';","define(function(require) {","","\tvar env = require('../env');","\tvar TimeoutError = require('../TimeoutError');","","\tfunction setTimeout(f, ms, x, y) {","\t\treturn env.setTimer(function() {","\t\t\tf(x, y, ms);","\t\t}, ms);","\t}","","\treturn function timed(Promise) {","\t\t/**","\t\t * Return a new promise whose fulfillment value is revealed only","\t\t * after ms milliseconds","\t\t * @param {number} ms milliseconds","\t\t * @returns {Promise}","\t\t */","\t\tPromise.prototype.delay = function(ms) {","\t\t\tvar p = this._beget();","\t\t\tthis._handler.fold(handleDelay, ms, void 0, p._handler);","\t\t\treturn p;","\t\t};","","\t\tfunction handleDelay(ms, x, h) {","\t\t\tsetTimeout(resolveDelay, ms, x, h);","\t\t}","","\t\tfunction resolveDelay(x, h) {","\t\t\th.resolve(x);","\t\t}","","\t\t/**","\t\t * Return a new promise that rejects after ms milliseconds unless","\t\t * this promise fulfills earlier, in which case the returned promise","\t\t * fulfills with the same value.","\t\t * @param {number} ms milliseconds","\t\t * @param {Error|*=} reason optional rejection reason to use, defaults","\t\t *   to a TimeoutError if not provided","\t\t * @returns {Promise}","\t\t */","\t\tPromise.prototype.timeout = function(ms, reason) {","\t\t\tvar p = this._beget();","\t\t\tvar h = p._handler;","","\t\t\tvar t = setTimeout(onTimeout, ms, reason, p._handler);","","\t\t\tthis._handler.visit(h,","\t\t\t\tfunction onFulfill(x) {","\t\t\t\t\tenv.clearTimer(t);","\t\t\t\t\tthis.resolve(x); // this = h","\t\t\t\t},","\t\t\t\tfunction onReject(x) {","\t\t\t\t\tenv.clearTimer(t);","\t\t\t\t\tthis.reject(x); // this = h","\t\t\t\t},","\t\t\t\th.notify);","","\t\t\treturn p;","\t\t};","","\t\tfunction onTimeout(reason, h, ms) {","\t\t\tvar e = typeof reason === 'undefined'","\t\t\t\t? new TimeoutError('timed out after ' + ms + 'ms')","\t\t\t\t: reason;","\t\t\th.reject(e);","\t\t}","","\t\treturn Promise;","\t};","","});","}(typeof define === 'function' && define.amd ? define : function(factory) { module.exports = factory(require); }));",""],"l":{"5":1,"6":1,"8":1,"9":1,"11":1,"12":0,"13":0,"17":1,"24":1,"25":0,"26":0,"27":0,"30":1,"31":0,"34":1,"35":0,"47":1,"48":0,"49":0,"51":0,"53":0,"55":0,"56":0,"59":0,"60":0,"64":0,"67":1,"68":0,"71":0,"74":1,"78":1}},"/home/travis/build/npmtest/node-npmtest-when/when/lib/env.js":{"path":"/home/travis/build/npmtest/node-npmtest-when/when/lib/env.js","s":{"1":1,"2":1,"3":1,"4":1,"5":1,"6":0,"7":1,"8":0,"9":1,"10":0,"11":1,"12":1,"13":0,"14":0,"15":0,"16":0,"17":0,"18":0,"19":0,"20":0,"21":0,"22":0,"23":1,"24":1,"25":1,"26":1,"27":0,"28":1,"29":0,"30":0,"31":0,"32":0,"33":1,"34":0,"35":0,"36":0,"37":0,"38":0,"39":0,"40":0,"41":1},"b":{"1":[1,1],"2":[1,0],"3":[0,0],"4":[0,0],"5":[0,0],"6":[1,1],"7":[0,0,0,0],"8":[0,1],"9":[1,0]},"f":{"1":1,"2":1,"3":0,"4":0,"5":0,"6":0,"7":0,"8":1,"9":0,"10":0,"11":0,"12":0,"13":1},"fnMap":{"1":{"name":"(anonymous_1)","line":6,"loc":{"start":{"line":6,"column":1},"end":{"line":6,"column":18}}},"2":{"name":"(anonymous_2)","line":7,"loc":{"start":{"line":7,"column":7},"end":{"line":7,"column":25}}},"3":{"name":"(anonymous_3)","line":19,"loc":{"start":{"line":19,"column":16},"end":{"line":19,"column":32}}},"4":{"name":"(anonymous_4)","line":20,"loc":{"start":{"line":20,"column":18},"end":{"line":20,"column":30}}},"5":{"name":"(anonymous_5)","line":21,"loc":{"start":{"line":21,"column":12},"end":{"line":21,"column":25}}},"6":{"name":"(anonymous_6)","line":25,"loc":{"start":{"line":25,"column":9},"end":{"line":25,"column":22}}},"7":{"name":"(anonymous_7)","line":33,"loc":{"start":{"line":33,"column":13},"end":{"line":33,"column":30}}},"8":{"name":"isNode","line":44,"loc":{"start":{"line":44,"column":1},"end":{"line":44,"column":20}}},"9":{"name":"hasMutationObserver","line":49,"loc":{"start":{"line":49,"column":1},"end":{"line":49,"column":33}}},"10":{"name":"initMutationObserver","line":54,"loc":{"start":{"line":54,"column":1},"end":{"line":54,"column":49}}},"11":{"name":"run","line":60,"loc":{"start":{"line":60,"column":2},"end":{"line":60,"column":17}}},"12":{"name":"(anonymous_12)","line":67,"loc":{"start":{"line":67,"column":9},"end":{"line":67,"column":22}}},"13":{"name":"(anonymous_13)","line":73,"loc":{"start":{"line":73,"column":56},"end":{"line":73,"column":74}}}},"statementMap":{"1":{"start":{"line":6,"column":0},"end":{"line":73,"column":115}},"2":{"start":{"line":7,"column":0},"end":{"line":72,"column":3}},"3":{"start":{"line":15,"column":1},"end":{"line":15,"column":17}},"4":{"start":{"line":16,"column":1},"end":{"line":16,"column":74}},"5":{"start":{"line":19,"column":1},"end":{"line":19,"column":62}},"6":{"start":{"line":19,"column":34},"end":{"line":19,"column":59}},"7":{"start":{"line":20,"column":1},"end":{"line":20,"column":58}},"8":{"start":{"line":20,"column":32},"end":{"line":20,"column":55}},"9":{"start":{"line":21,"column":1},"end":{"line":21,"column":62}},"10":{"start":{"line":21,"column":27},"end":{"line":21,"column":59}},"11":{"start":{"line":24,"column":1},"end":{"line":36,"column":2}},"12":{"start":{"line":25,"column":2},"end":{"line":25,"column":54}},"13":{"start":{"line":25,"column":24},"end":{"line":25,"column":51}},"14":{"start":{"line":27,"column":8},"end":{"line":36,"column":2}},"15":{"start":{"line":28,"column":2},"end":{"line":28,"column":43}},"16":{"start":{"line":30,"column":8},"end":{"line":36,"column":2}},"17":{"start":{"line":31,"column":2},"end":{"line":31,"column":29}},"18":{"start":{"line":32,"column":2},"end":{"line":32,"column":36}},"19":{"start":{"line":33,"column":2},"end":{"line":33,"column":64}},"20":{"start":{"line":33,"column":32},"end":{"line":33,"column":61}},"21":{"start":{"line":34,"column":2},"end":{"line":34,"column":33}},"22":{"start":{"line":35,"column":2},"end":{"line":35,"column":47}},"23":{"start":{"line":38,"column":1},"end":{"line":42,"column":3}},"24":{"start":{"line":44,"column":1},"end":{"line":47,"column":2}},"25":{"start":{"line":45,"column":2},"end":{"line":46,"column":66}},"26":{"start":{"line":49,"column":1},"end":{"line":52,"column":2}},"27":{"start":{"line":50,"column":5},"end":{"line":51,"column":77}},"28":{"start":{"line":54,"column":1},"end":{"line":71,"column":2}},"29":{"start":{"line":55,"column":2},"end":{"line":55,"column":16}},"30":{"start":{"line":56,"column":2},"end":{"line":56,"column":41}},"31":{"start":{"line":57,"column":2},"end":{"line":57,"column":36}},"32":{"start":{"line":58,"column":2},"end":{"line":58,"column":43}},"33":{"start":{"line":60,"column":2},"end":{"line":64,"column":3}},"34":{"start":{"line":61,"column":3},"end":{"line":61,"column":21}},"35":{"start":{"line":62,"column":3},"end":{"line":62,"column":22}},"36":{"start":{"line":63,"column":3},"end":{"line":63,"column":7}},"37":{"start":{"line":66,"column":2},"end":{"line":66,"column":12}},"38":{"start":{"line":67,"column":2},"end":{"line":70,"column":4}},"39":{"start":{"line":68,"column":3},"end":{"line":68,"column":17}},"40":{"start":{"line":69,"column":3},"end":{"line":69,"column":24}},"41":{"start":{"line":73,"column":76},"end":{"line":73,"column":110}}},"branchMap":{"1":{"line":16,"type":"binary-expr","locations":[{"start":{"line":16,"column":26},"end":{"line":16,"column":59}},{"start":{"line":16,"column":63},"end":{"line":16,"column":73}}]},"2":{"line":24,"type":"if","locations":[{"start":{"line":24,"column":1},"end":{"line":24,"column":1}},{"start":{"line":24,"column":1},"end":{"line":24,"column":1}}]},"3":{"line":27,"type":"if","locations":[{"start":{"line":27,"column":8},"end":{"line":27,"column":8}},{"start":{"line":27,"column":8},"end":{"line":27,"column":8}}]},"4":{"line":30,"type":"if","locations":[{"start":{"line":30,"column":8},"end":{"line":30,"column":8}},{"start":{"line":30,"column":8},"end":{"line":30,"column":8}}]},"5":{"line":35,"type":"binary-expr","locations":[{"start":{"line":35,"column":9},"end":{"line":35,"column":24}},{"start":{"line":35,"column":28},"end":{"line":35,"column":46}}]},"6":{"line":45,"type":"binary-expr","locations":[{"start":{"line":45,"column":9},"end":{"line":45,"column":39}},{"start":{"line":46,"column":3},"end":{"line":46,"column":65}}]},"7":{"lin
[...]
romise","\t\t * @param {*} x rejection reason","\t\t * @constructor","\t\t */","\t\tfunction Rejected(x) {","\t\t\tPromise.createContext(this);","","\t\t\tthis.id = ++errorId;","\t\t\tthis.value = x;","\t\t\tthis.handled = false;","\t\t\tthis.reported = false;","","\t\t\tthis._report();","\t\t}","","\t\tinherit(Handler, Rejected);","","\t\tRejected.prototype._state = -1;","","\t\tRejected.prototype.fold = function(f, z, c, to) {","\t\t\tto.become(this);","\t\t};","","\t\tRejected.prototype.when = function(cont) {","\t\t\tif(typeof cont.rejected === 'function') {","\t\t\t\tthis._unreport();","\t\t\t}","\t\t\trunContinuation1(cont.rejected, this, cont.receiver, cont.resolver);","\t\t};","","\t\tRejected.prototype._report = function(context) {","\t\t\ttasks.afterQueue(new ReportTask(this, context));","\t\t};","","\t\tRejected.prototype._unreport = function() {","\t\t\tif(this.handled) {","\t\t\t\treturn;","\t\t\t}","\t\t\tthis.handled = true;","\t\t\ttasks.afterQueue(new UnreportTask(this));","\t\t};","","\t\tRejected.prototype.fail = function(context) {","\t\t\tthis.reported = true;","\t\t\temitRejection('unhandledRejection', this);","\t\t\tPromise.onFatalRejection(this, context === void 0 ? this.context : context);","\t\t};","","\t\tfunction ReportTask(rejection, context) {","\t\t\tthis.rejection = rejection;","\t\t\tthis.context = context;","\t\t}","","\t\tReportTask.prototype.run = function() {","\t\t\tif(!this.rejection.handled && !this.rejection.reported) {","\t\t\t\tthis.rejection.reported = true;","\t\t\t\temitRejection('unhandledRejection', this.rejection) ||","\t\t\t\t\tPromise.onPotentiallyUnhandledRejection(this.rejection, this.context);","\t\t\t}","\t\t};","","\t\tfunction UnreportTask(rejection) {","\t\t\tthis.rejection = rejection;","\t\t}","","\t\tUnreportTask.prototype.run = function() {","\t\t\tif(this.rejection.reported) {","\t\t\t\temitRejection('rejectionHandled', this.rejection) ||","\t\t\t\t\tPromise.onPotentiallyUnhandledRejectionHandled(this.rejection);","\t\t\t}","\t\t};","","\t\t// Unhandled rejection hooks","\t\t// By default, everything is a noop","","\t\tPromise.createContext","\t\t\t= Promise.enterContext","\t\t\t= Promise.exitContext","\t\t\t= Promise.onPotentiallyUnhandledRejection","\t\t\t= Promise.onPotentiallyUnhandledRejectionHandled","\t\t\t= Promise.onFatalRejection","\t\t\t= noop;","","\t\t// Errors and singletons","","\t\tvar foreverPendingHandler = new Handler();","\t\tvar foreverPendingPromise = new Promise(Handler, foreverPendingHandler);","","\t\tfunction cycle() {","\t\t\treturn new Rejected(new TypeError('Promise cycle'));","\t\t}","","\t\t// Task runners","","\t\t/**","\t\t * Run a single consumer","\t\t * @constructor","\t\t */","\t\tfunction ContinuationTask(continuation, handler) {","\t\t\tthis.continuation = continuation;","\t\t\tthis.handler = handler;","\t\t}","","\t\tContinuationTask.prototype.run = function() {","\t\t\tthis.handler.join().when(this.continuation);","\t\t};","","\t\t/**","\t\t * Run a queue of progress handlers","\t\t * @constructor","\t\t */","\t\tfunction ProgressTask(value, handler) {","\t\t\tthis.handler = handler;","\t\t\tthis.value = value;","\t\t}","","\t\tProgressTask.prototype.run = function() {","\t\t\tvar q = this.handler.consumers;","\t\t\tif(q === void 0) {","\t\t\t\treturn;","\t\t\t}","","\t\t\tfor (var c, i = 0; i < q.length; ++i) {","\t\t\t\tc = q[i];","\t\t\t\trunNotify(c.progress, this.value, this.handler, c.receiver, c.resolver);","\t\t\t}","\t\t};","","\t\t/**","\t\t * Assimilate a thenable, sending it's value to resolver","\t\t * @param {function} then","\t\t * @param {object|function} thenable","\t\t * @param {object} resolver","\t\t * @constructor","\t\t */","\t\tfunction AssimilateTask(then, thenable, resolver) {","\t\t\tthis._then = then;","\t\t\tthis.thenable = thenable;","\t\t\tthis.resolver = resolver;","\t\t}","","\t\tAssimilateTask.prototype.run = function() {","\t\t\tvar h = this.resolver;","\t\t\ttryAssimilate(this._then, this.thenable, _resolve, _reject, _notify);","","\t\t\tfunction _resolve(x) { h.resolve(x); }","\t\t\tfunction _reject(x)  { h.reject(x); }","\t\t\tfunction _notify(x)  { h.notify(x); }","\t\t};","","\t\tfunction tryAssimilate(then, thenable, resolve, reject, notify) {","\t\t\ttry {","\t\t\t\tthen.call(thenable, resolve, reject, notify);","\t\t\t} catch (e) {","\t\t\t\treject(e);","\t\t\t}","\t\t}","","\t\t/**","\t\t * Fold a handler value with z","\t\t * @constructor","\t\t */","\t\tfunction Fold(f, z, c, to) {","\t\t\tthis.f = f; this.z = z; this.c = c; this.to = to;","\t\t\tthis.resolver = failIfRejected;","\t\t\tthis.receiver = this;","\t\t}","","\t\tFold.prototype.fulfilled = function(x) {","\t\t\tthis.f.call(this.c, this.z, x, this.to);","\t\t};","","\t\tFold.prototype.rejected = function(x) {","\t\t\tthis.to.reject(x);","\t\t};","","\t\tFold.prototype.progress = function(x) {","\t\t\tthis.to.notify(x);","\t\t};","","\t\t// Other helpers","","\t\t/**","\t\t * @param {*} x","\t\t * @returns {boolean} true iff x is a trusted Promise","\t\t */","\t\tfunction isPromise(x) {","\t\t\treturn x instanceof Promise;","\t\t}","","\t\t/**","\t\t * Test just enough to rule out primitives, in order to take faster","\t\t * paths in some code","\t\t * @param {*} x","\t\t * @returns {boolean} false iff x is guaranteed *not* to be a thenable","\t\t */","\t\tfunction maybeThenable(x) {","\t\t\treturn (typeof x === 'object' || typeof x === 'function') && x !== null;","\t\t}","","\t\tfunction runContinuation1(f, h, receiver, next) {","\t\t\tif(typeof f !== 'function') {","\t\t\t\treturn next.become(h);","\t\t\t}","","\t\t\tPromise.enterContext(h);","\t\t\ttryCatchReject(f, h.value, receiver, next);","\t\t\tPromise.exitContext();","\t\t}","","\t\tfunction runContinuation3(f, x, h, receiver, next) {","\t\t\tif(typeof f !== 'function') {","\t\t\t\treturn next.become(h);","\t\t\t}","","\t\t\tPromise.enterContext(h);","\t\t\ttryCatchReject3(f, x, h.value, receiver, next);","\t\t\tPromise.exitContext();","\t\t}","","\t\t/**","\t\t * @deprecated","\t\t */","\t\tfunction runNotify(f, x, h, receiver, next) {","\t\t\tif(typeof f !== 'function') {","\t\t\t\treturn next.notify(x);","\t\t\t}","","\t\t\tPromise.enterContext(h);","\t\t\ttryCatchReturn(f, x, receiver, next);","\t\t\tPromise.exitContext();","\t\t}","","\t\tfunction tryCatch2(f, a, b) {","\t\t\ttry {","\t\t\t\treturn f(a, b);","\t\t\t} catch(e) {","\t\t\t\treturn reject(e);","\t\t\t}","\t\t}","","\t\t/**","\t\t * Return f.call(thisArg, x), or if it throws return a rejected promise for","\t\t * the thrown exception","\t\t */","\t\tfunction tryCatchReject(f, x, thisArg, next) {","\t\t\ttry {","\t\t\t\tnext.become(getHandler(f.call(thisArg, x)));","\t\t\t} catch(e) {","\t\t\t\tnext.become(new Rejected(e));","\t\t\t}","\t\t}","","\t\t/**","\t\t * Same as above, but includes the extra argument parameter.","\t\t */","\t\tfunction tryCatchReject3(f, x, y, thisArg, next) {","\t\t\ttry {","\t\t\t\tf.call(thisArg, x, y, next);","\t\t\t} catch(e) {","\t\t\t\tnext.become(new Rejected(e));","\t\t\t}","\t\t}","","\t\t/**","\t\t * @deprecated","\t\t * Return f.call(thisArg, x), or if it throws, *return* the exception","\t\t */","\t\tfunction tryCatchReturn(f, x, thisArg, next) {","\t\t\ttry {","\t\t\t\tnext.notify(f.call(thisArg, x));","\t\t\t} catch(e) {","\t\t\t\tnext.notify(e);","\t\t\t}","\t\t}","","\t\tfunction inherit(Parent, Child) {","\t\t\tChild.prototype = objectCreate(Parent.prototype);","\t\t\tChild.prototype.constructor = Child;","\t\t}","","\t\tfunction snd(x, y) {","\t\t\treturn y;","\t\t}","","\t\tfunction noop() {}","","\t\tfunction hasCustomEvent() {","\t\t\tif(typeof CustomEvent === 'function') {","\t\t\t\ttry {","\t\t\t\t\tvar ev = new CustomEvent('unhandledRejection');","\t\t\t\t\treturn ev instanceof CustomEvent;","\t\t\t\t} catch (ignoredException) {}","\t\t\t}","\t\t\treturn false;","\t\t}","","\t\tfunction hasInternetExplorerCustomEvent() {","\t\t\tif(typeof document !== 'undefined' && typeof document.createEvent === 'function') {","\t\t\t\ttry {","\t\t\t\t\t// Try to create one event to make sure it's supported","\t\t\t\t\tvar ev = document.createEvent('CustomEvent');","\t\t\t\t\tev.initCustomEvent('eventType', false, true, {});","\t\t\t\t\treturn true;","\t\t\t\t} catch (ignoredException) {}","\t\t\t}","\t\t\treturn false;","\t\t}","","\t\tfunction initEmitRejection() {","\t\t\t/*global process, self, CustomEvent*/","\t\t\tif(typeof process !== 'undefined' && process !== null","\t\t\t\t&& typeof process.emit === 'function') {","\t\t\t\t// Returning falsy here means to call the default","\t\t\t\t// onPotentiallyUnhandledRejection API.  This is safe even in","\t\t\t\t// browserify since process.emit always returns falsy in browserify:","\t\t\t\t// https://github.com/defunctzombie/node-process/blob/master/browser.js#L40-L46","\t\t\t\treturn function(type, rejection) {","\t\t\t\t\treturn type === 'unhandledRejection'","\t\t\t\t\t\t? process.emit(type, rejection.value, rejection)","\t\t\t\t\t\t: process.emit(type, rejection);","\t\t\t\t};","\t\t\t} else if(typeof self !== 'undefined' && hasCustomEvent()) {","\t\t\t\treturn (function (self, CustomEvent) {","\t\t\t\t\treturn function (type, rejection) {","\t\t\t\t\t\tvar ev = new CustomEvent(type, {","\t\t\t\t\t\t\tdetail: {","\t\t\t\t\t\t\t\treason: rejection.value,","\t\t\t\t\t\t\t\tkey: rejection","\t\t\t\t\t\t\t},","\t\t\t\t\t\t\tbubbles: false,","\t\t\t\t\t\t\tcancelable: true","\t\t\t\t\t\t});","","\t\t\t\t\t\treturn !self.dispatchEvent(ev);","\t\t\t\t\t};","\t\t\t\t}(self, CustomEvent));","\t\t\t} else if(typeof self !== 'undefined' && hasInternetExplorerCustomEvent()) {","\t\t\t\treturn (function(self, document) {","\t\t\t\t\treturn function(type, rejection) {","\t\t\t\t\t\tvar ev = document.createEvent('CustomEvent');","\t\t\t\t\t\tev.initCustomEvent(type, false, true, {","\t\t\t\t\t\t\treason: rejection.value,","\t\t\t\t\t\t\tkey: rejection","\t\t\t\t\t\t});","","\t\t\t\t\t\treturn !self.dispatchEvent(ev);","\t\t\t\t\t};","\t\t\t\t}(self, document));","\t\t\t}","","\t\t\treturn noop;","\t\t}","","\t\treturn Promise;","\t};","});","}(typeof define === 'function' && define.amd ? define : function(factory) { module.exports = factory(); }));",""],"l":{"5":1,"6":1,"8":1,"10":1,"11":1,"13":1,"15":1,"16":0,"17":0,"26":1,"27":1,"35":1,"36":0,"38":0,"39":0,"41":0,"44":0,"51":1,"52":0,"59":1,"60":0,"68":1,"69":0,"75":1,"76":1,"77":1,"79":1,"80":1,"88":1,"89":0,"98":1,"99":0,"106":1,"107":0,"115":1,"116":0,"131":1,"132":0,"133":0,"135":0,"138":0,"141":0,"142":0,"144":0,"146":0,"155":1,"156":0,"164":1,"165":0,"168":1,"169":0,"170":0,"175":1,"176":1,"177":1,"186":1,"187":0,"197":1,"198":0,"201":1,"202":0,"204":0,"205":0,"206":0,"208":0,"209":0,"211":0,"212":0,"213":0,"216":0,"219":0,"220":0,"223":0,"225":1,"226":0,"227":0,"231":1,"232":0,"233":0,"234":0,"239":1,"240":0,"241":0,"242":0,"244":0,"245":0,"246":0,"247":0,"249":0,"250":0,"253":0,"257":1,"258":1,"259":0,"260":0,"264":1,"265":0,"266":0,"269":0,"270":0,"271":0,"272":0,"273":0,"291":1,"292":0,"293":0,"298":0,"303":1,"304":0,"305":0,"306":0,"307":0,"308":0,"309":0,"312":0,"313":0,"314":0,"315":0,"316":0,"318":0,"321":0,"332":1,"333":0,"334":0,"336":0,"345":1,"346":0,"354":1,"355":0,"356":0,"357":0,"361":0,"369":1,"371":1,"379":1,"381":1,"382":0,"390":1,"391":0,"392":0,"393":0,"395":0,"398":1,"399":0,"408":1,"409":0,"412":1,"413":0,"420":1,"422":1,"424":1,"425":0,"428":1,"434":1,"435":0,"437":0,"438":0,"439":0,"440":0,"443":1,"445":1,"447":1,"448":0,"451":1,"452":0,"453":0,"456":0,"459":1,"460":0,"461":0,"464":0,"466":0,"467":0,"468":0,"469":0,"473":0,"476":1,"477":0,"478":0,"479":0,"480":0,"482":0,"483":0,"487":1,"488":0,"489":0,"492":0,"493":0,"494":0,"495":0,"498":0,"499":0,"503":1,"504":0,"505":0,"507":0,"508":0,"510":0,"518":1,"519":0,"520":0,"524":1,"525":0,"526":0,"529":1,"530":0,"533":1,"534":0,"542":1,"543":0,"546":1,"548":1,"549":0,"552":1,"553":0,"556":1,"557":0,"566":1,"567":0,"568":0,"571":1,"578":1,"579":0,"580":0,"583":1,"585":1,"587":1,"588":0,"591":1,"592":0,"595":1,"602":1,"603":0,"605":0,"606":0,"607":0,"608":0,"610":0,"613":1,"615":1,"617":1,"618":0,"621":1,"622":0,"623":0,"625":0,"628":1,"629":0,"632":1,"633":0,"634":0,"636":0,"637":0,"640":1,"641":0,"642":0,"643":0,"646":1,"647":0,"648":0,"651":1,"652":0,"653":0,"654":0,"659":1,"660":0,"663":1,"664":0,"665":0,"673":1,"683":1,"684":1,"686":1,"687":0,"696":1,"697":0,"698":0,"701":1,"702":0,"709":1,"710":0,"711":0,"714":1,"715":0,"716":0,"717":0,"720":0,"721":0,"722":0,"733":1,"734":0,"735":0,"736":0,"739":1,"740":0,"741":0,"743":1,"744":1,"745":1,"748":1,"749":0,"750":0,"752":0,"760":1,"761":0,"762":0,"763":0,"766":1,"767":0,"770":1,"771":0,"774":1,"775":0,"784":1,"785":0,"794":1,"795":0,"798":1,"799":0,"800":0,"803":0,"804":0,"805":0,"808":1,"809":0,"810":0,"813":0,"814":0,"815":0,"821":1,"822":0,"823":0,"826":0,"827":0,"828":0,"831":1,"832":0,"833":0,"835":0,"843":1,"844":0,"845":0,"847":0,"854":1,"855":0,"856":0,"858":0,"866":1,"867":0,"868":0,"870":0,"874":1,"875":6,"876":6,"879":1,"880":0,"883":1,"885":1,"886":0,"887":0,"888":0,"889":0,"892":0,"895":1,"896":0,"897":0,"899":0,"900":0,"901":0,"904":0,"907":1,"909":1,"915":1,"916":0,"920":0,"921":0,"922":0,"923":0,"932":0,"935":0,"936":0,"937":0,"938":0,"939":0,"944":0,"949":0,"952":1,"955":1}},"/home/travis/build/npmtest/node-npmtest-when/when/lib/Scheduler.js":{"path":"/home/travis/build/npmtest/node-npmtest-when/when/lib/Scheduler.js","s":{"1":1,"2":1,"3":1,"4":1,"5":1,"6":1,"7":1,"8":1,"9":1,"10":1,"11":1,"12":0,"13":1,"14":0,"15":0,"16":1,"17":0,"18":0,"19":1,"20":0,"21":0,"22":0,"23":1,"24":0,"25":0,"26":0,"27":0,"28":0,"29":0,"30":0,"31":0,"32":0,"33":0,"34":1,"35":1},"b":{"1":[0,0],"2":[0,1],"3":[1,0]},"f":{"1":1,"2":1,"3":1,"4":0,"5":0,"6":0,"7":0,"8":0,"9":1},"fnMap":{"1":{"name":"(anonymous_1)","line":5,"loc":{"start":{"line":5,"column":1},"end":{"line":5,"column":18}}},"2":{"name":"(anonymous_2)","line":6,"loc":{"start":{"line":6,"column":7},"end":{"line":6,"column":18}}},"3":{"name":"Scheduler","line":16,"loc":{"start":{"line":16,"column":1},"end":{"line":16,"column":27}}},"4":{"name":"(anonymous_4)","line":26,"loc":{"start":{"line":26,"column":15},"end":{"line":26,"column":26}}},"5":{"name":"(anonymous_5)","line":35,"loc":{"start":{"line":35,"column":31},"end":{"line":35,"column":46}}},"6":{"name":"(anonymous_6)","line":44,"loc":{"start":{"line":44,"column":34},"end":{"line":44,"column":49}}},"7":{"name":"(anonymous_7)","line":49,"loc":{"start":{"line":49,"column":27},"end":{"line":49,"column":38}}},"8":{"name":"(anonymous_8)","line":59,"loc":{"start":{"line":59,"column":30},"end":{"line":59,"column":41}}},"9":{"name":"(anonymous_9)","line":80,"loc":{"start":{"line":80,"column":56},"end":{"line":80,"column":74}}}},"statementMap":{"1":{"start":{"line":5,"column":0},"end":{"line":80,"column":108}},"2":{"start":{"line":6,"column":0},"end":{"line":79,"column":3}},"3":{"start":{"line":16,"column":1},"end":{"line":29,"column":2}},"4":{"start":{"line":17,"column":2},"end":{"line":17,"column":22}},"5":{"start":{"line":18,"column":2},"end":{"line":18,"column":24}},"6":{"start":{"line":20,"column":2},"end":{"line":20,"column":21}},"7":{"start":{"line":21,"column":2},"end":{"line":21,"column":21}},"8":{"start":{"line":22,"column":2},"end":{"line":22,"column":24}},"9":{"start":{"line":23,"column":2},"end":{"line":23,"column":26}},"10":{"start":{"line":25,"column":2},"end":{"line":25,"column":18}},"11":{"start":{"line":26,"column":2},"end":{"line":28,"column":4}},"12":{"start":{"line":27,"column":3},"end":{"line":27,"column":17}},"13":{"start":{"line":35,"column":1},"end":{"line":38,"column":3}},"14":{"start":{"line":36,"column":2},"end":{"line":36,"column":39}},"15":{"start":{"line":37,"column":2},"end":{"line":37,"column":13}},"16":{"start":{"line":44,"column":1},"end":{"line":47,"column":3}},"17":{"start":{"line":45,"column":2},"end":{"line":45,"column":49}},"18":{"start":{"line":46,"column":2},"end":{"line":46,"column":13}},"19":{"start":{"line":49,"column":1},"end":{"line":54,"column":3}},"20":{"start":{"line":50,"column":2},"end":{"line":53,"column":3}},"21":{"start":{"line":51,"column":3},"end":{"line":51,"column":24}},"22":{"start":{"line":52,"column":3},"end":{"line":52,"column":27}},"23":{"start":{"line":59,"column":1},"end":{"line":75,"column":3}},"24":{"start":{"line":60,"column":2},"end":{"line":60,"column":12}},"25":{"start":{"line":61,"column":2},"end":{"line":64,"column":3}},"26":{"start":{"line":62,"column":3},"end":{"line":62,"column":24}},"27":{"start":{"line":63,"column":3},"end":{"line":63,"column":27}},"28":{"start":{"line":66,"column":2},"end":{"line":66,"column":21}},"29":{"start":{"line":67,"column":2},"end":{"line":67,"column":24}},"30":{"start":{"line":69,"column":2},"end":{"line":72,"column":3}},"31":{"start":{"line":70,"column":3},"end":{"line":70,"column":29}},"32":{"start":{"line":71,"column":3},"end":{"line":71,"column":32}},"33":{"start":{"line":74,"column":2},"end":{"line":74,"column":26}},"34":{"start":{"line":77,"column":1},"end":{"line":77,"column":18}},"35":{"start":{"line":80,"column":76},"end":{"line":80,"column":103}}},"branchMap":{"1":{"line":50,"type":"if","locations":[{"start":{"line":50,"column":2},"end":{"line":50,"column":2}},{"start":{"line":50,"column":2},"end":{"line":50,"column":2}}]},"2":{"line":80,"type":"cond-expr","locations":[{"start":{"line":80,"column":47},"end":{"line":80,"column":53}},{"start":{"line":80,"column":56},"end":{"line":80,"column":105}}]},"3":{"line":80,"type":"binary-expr","locations":[{"start":{"line":80,"column":2},"end":{"line":80,"column":30}},{"start":{"line":80,"column":34},"end":{"line":80,"column":44}}]}},"code":["/** @license MIT License (c) copyright 2010-2014 original author or authors */","/** @author Brian Cavalier */","/** @author John Hann */","","(function(define) { 'use strict';","define(function() {","","\t// Credit to Twisol (https://github.com/Twisol) for suggesting","\t// this type of extensible queue + trampoline approach for next-tick conflation.","","\t/**","\t * Async task scheduler","\t * @param {function} async function to schedule a single async function","\t * @constructor","\t */","\tfunction Scheduler(async) {","\t\tthis._async = async;","\t\tthis._running = false;","","\t\tthis._queue = this;","\t\tthis._queueLen = 0;","\t\tthis._afterQueue = {};","\t\tthis._afterQueueLen = 0;","","\t\tvar self = this;","\t\tthis.drain = function() {","\t\t\tself._drain();","\t\t};","\t}","","\t/**","\t * Enqueue a task","\t * @param {{ run:function }} task","\t */","\tScheduler.prototype.enqueue = function(task) {","\t\tthis._queue[this._queueLen++] = task;","\t\tthis.run();","\t};","","\t/**","\t * Enqueue a task to run after the main task queue","\t * @param {{ run:function }} task","\t */","\tScheduler.prototype.afterQueue = function(task) {","\t\tthis._afterQueue[this._afterQueueLen++] = task;","\t\tthis.run();","\t};","","\tScheduler.prototype.run = function() {","\t\tif (!this._running) {","\t\t\tthis._running = true;","\t\t\tthis._async(this.drain);","\t\t}","\t};","","\t/**","\t * Drain the handler queue entirely, and then the after queue","\t */","\tScheduler.prototype._drain = function() {","\t\tvar i = 0;","\t\tfor (; i < this._queueLen; ++i) {","\t\t\tthis._queue[i].run();","\t\t\tthis._queue[i] = void 0;","\t\t}","","\t\tthis._queueLen = 0;","\t\tthis._running = false;","","\t\tfor (i = 0; i < this._afterQueueLen; ++i) {","\t\t\tthis._afterQueue[i].run();","\t\t\tthis._afterQueue[i] = void 0;","\t\t}","","\t\tthis._afterQueueLen = 0;","\t};","","\treturn Scheduler;","","});","}(typeof define === 'function' && define.amd ? define : function(factory) { module.exports = factory(); }));",""],"l":{"5":1,"6":1,"16":1,"17":1,"18":1,"20":1,"21":1,"22":1,"23":1,"25":1,"26":1,"27":0,"35":1,"36":0,"37":0,"44":1,"45":0,"46":0,"49":1,"50":0,"51":0,"52":0,"59":1,"60":0,"61":0,"62":0,"63":0,"66":0,"67":0,"69":0,"70":0,"71":0,"74":0,"77":1,"80":1}}}